        -:    0:Source:D:/700A/GES_exp/untitled1/main.c
        -:    0:Graph:D:\700A\GES_exp\untitled1\cmake-build-debug-coverage\CMakeFiles\untitled1.dir\main.c.gcno
        -:    0:Data:D:\700A\GES_exp\untitled1\cmake-build-debug-coverage\CMakeFiles\untitled1.dir\main.c.gcda
        -:    0:Runs:1
        -:    1:#include <stdio.h>
        -:    2:#include <math.h>
        -:    3:#include <stdlib.h>
        -:    4:#include <stddef.h>
        -:    5:#include <stdbool.h>
        -:    6:
        -:    7:#include "artifact_detect.h"
        -:    8:#include "artifact_remove.h"
        -:    9:#include "moving_average_1s_window.h"
        -:   10:#include "NEO_transform.h"
        -:   11:#include "lowpass_function.h"
        -:   12:#include "highpass_function.h"
        -:   13:/* Function Declarations */
        -:   14:static double rt_powd_snf(double base, double exponent);
        -:   15:void findTrueIndices(int const inputArray[1050], int foundIndices[], int indicesSize[2]);
        -:   16:void removeElements(double arr[], int* size, int indices[], int numIndices);
        -:   17:
        -:   18://int main(int argc, char **argv) {
        -:   19://    int threshold = 500;
        -:   20://    int buffer_size = 1000;
        -:   21://    double buffer[1000]={0};// put buffer values
        -:   22://    int locs[buffer_size];
        -:   23://    int i = 0;
        -:   24://    int j = i + buffer_size;
        -:   25://    int shift = 0;
        -:   26://    int sampling_f=32;
        -:   27://    double dv[1120];
        -:   28://    int locs_size[2];
        -:   29://    double lowpass_signal[1120];
        -:   30://    double padded_lowpass[1100];
        -:   31://    double C[1050];
        -:   32://    double b_highpass_signal[1050];
        -:   33://    double abs_window_data[1049];
        -:   34://    double sum[1049];
        -:   35://    double b_lowpass_signal[1000];
        -:   36://    double b[4];
        -:   37://    double bsum;
        -:   38://    double tmp1;
        -:   39://    double work_data;
        -:   40://    int tmp_data[1049];
        -:   41://    int abs_window_size[2];
        -:   42://    int ii_size[2];
        -:   43://    int tmp_size[2];
        -:   44://    int b_i;
        -:   45://    int b_k;
        -:   46://    int i1;
        -:   47://    int idx;
        -:   48://    int k;
        -:   49://    int y1_size_idx_1;
        -:   50://    short ii_data;
        -:   51://
        -:   52://
        -:   53://    double highpass_signal[1150];
        -:   54://
        -:   55://
        -:   56://    while (j < 9600) {
        -:   57://        // Read in signal input then transfer to buffer
        -:   58://
        -:   59://        // ------------------------------------------------------------------- //
        -:   60://        //                             PROCESSING                              //
        -:   61://        // ------------------------------------------------------------------- //
        -:   62://
        -:   63://        // This stage involves preparing the data and filtering the signal.
        -:   64://        // Firstly, a high-pass filter is used to remove baseline drift, then a
        -:   65://        // low-pass filter to remove high-frequency noise. A NEO transform is
        -:   66://        // then used to accentuate the steep gradients, which is then filtered
        -:   67://        // with a moving average filter.
        -:   68://
        -:   69://        // ------------------------- Low pass filter ------------------------- //
        -:   70://        double padded_buffer[buffer_size + 120];        // padded buffer
        -:   71://        for (int k = 0; k < buffer_size + 120; k++) {
        -:   72://            padded_buffer[k] = buffer[0]; // Initialize with the first value of buffer
        -:   73://        }
        -:   74://        for (int k = 60; k <= buffer_size + 60; k++) {
        -:   75://            padded_buffer[k] = buffer[k - 60];
        -:   76://        }
        -:   77://        for (int k = buffer_size + 61; k <= buffer_size + 120; k++) {
        -:   78://            padded_buffer[k] = buffer[buffer_size - 1]; // Fill the end with the last value of buffer
        -:   79://        }
        -:   80://
        -:   81://        // Filtering
        -:   82://        for (int k = 60; k <= buffer_size + 60; k++) {
        -:   83://            double sum = 0;
        -:   84://            for (int m = k - 60; m <= k + 60; m++) {
        -:   85://                sum += padded_buffer[m];
        -:   86://            }
        -:   87://            lowpass_signal[k - 60] = sum / 121.0; // Moving average
        -:   88://        }
        -:   89://
        -:   90://        // Removing padding
        -:   91://        for (int k = 0; k < buffer_size; k++) {
        -:   92://            lowpass_signal[k] = lowpass_signal[k + 60];
        -:   93://        }
        -:   94://
        -:   95://        // Visualize lowpass_signal, implement  visualization function here
        -:   96://        // hfvt = fvtool(b, a, 'FrequencyScale', 'log'); // filter analysis tool
        -:   97://
        -:   98://
        -:   99://        i += buffer_size;
        -:  100://        j += buffer_size;
        -:  101://
        -:  102://
        -:  103://        // ------------------------- Artifact removal ------------------------ %
        -:  104://        double artifacts_removed[1051]={0}; // initiliase array
        -:  105://        int WINDOW_WIDTH=100;
        -:  106://        int  ii = 0;
        -:  107://        jj = ii + WINDOW_WIDTH;
        -:  108://        int art_size = 60;
        -:  109://         threshold = 500.0; // TODO: Set this to the appropriate value
        -:  110://
        -:  111://        while (jj < sizeof(artifacts_removed)/ sizeof(artifacts_removed[0])){
        -:  112://
        -:  113:////            double window[WINDOW_WIDTH];
        -:  114:////            for ( i = 0; i < WINDOW_WIDTH; i++) {
        -:  115:////                window[i] = artifacts_removed[ii + i];
        -:  116:////            }
        -:  117:////
        -:  118:////            double loc = artifact_detect(window, threshold);
        -:  119://             double loc = artifact_detect(&artifacts_removed[ii], threshold);    // overall expanded logic is given above but code optimisation is done here
        -:  120://            if (!isnan(loc)) {
        -:  121://                if ((loc + (ART_SIZE / 2) <= WINDOW_WIDTH) && (loc - (ART_SIZE / 2) > 0)) {
        -:  122:////                    double removed[WINDOW_WIDTH];
        -:  123:////                    for (i = 0; i < WINDOW_WIDTH; i++) {
        -:  124:////                        removed[i] = window[i];
        -:  125:////                    }
        -:  126:////
        -:  127:////                    artifact_remove(removed, loc - ART_SIZE / 2, loc + ART_SIZE / 2);
        -:  128:////
        -:  129:////                    for ( i = 0; i < WINDOW_WIDTH; i++) {
        -:  130:////                        artifacts_removed[ii + i] = removed[i];
        -:  131:////                    }
        -:  132://                    artifact_remove(&artifacts_removed[ii], loc - ART_SIZE / 2, loc + ART_SIZE / 2);
        -:  133://                }
        -:  134://            }
        -:  135://            ii += WINDOW_WIDTH / 2;
        -:  136://            jj = ii + WINDOW_WIDTH;
        -:  137://        }
        -:  138://        /*----------------- Non Linear Energy (NEO) Transform --------------- */
        -:  139://        /*  MOVING_AVERAGE_1S_WINDOW applies a moving average filter to the input */
        -:  140://        double *neo_filtered,*output = (double *)calloc(1050, sizeof(double));
        -:  141://        NEO_transform(artifacts_removed , neo_filtered );//double* output[1050]
        -:  142://        moving_average_1s_window(neo_filtered,1050,sampling_f,output);
        -:  143://
        -:  144://        /*  visualise_signal(neo_filtered, sampling_f, "Filtered NEO Signal"); */
        -:  145://        /*  ---------------------- Edge Detection Signal --------------------------*/
        -:  146://
        -:  147://
        -:  148://        /*  visualise_signal(convolved_sig, sampling_f, "Edge Detection Signal"); */
        -:  149://        /*  convolve edge detection and neo processed signals */
        -:  150://
        -:  151://        memset(&C[0], 0, 1050U * sizeof(double));
        -:  152://        for (k = 0; k < 1049; k++) {
        -:  153://            C[k] -= b_highpass_signal[k + 1];
        -:  154://        }
        -:  155://        for (k = 0; k < 2; k++) {
        -:  156://            i = 1049 - k;
        -:  157://            for (b_k = 0; b_k <= i; b_k++) {
        -:  158://                idx = k + b_k;
        -:  159://                C[idx] += ((((double)k + 2.0) - 1.0) - 1.0) * b_highpass_signal[b_k];
        -:  160://            }
        -:  161://        }
        -:  162://        /*  remove negative values */
        -:  163://        /*  square values of detection signal to pronounce higher peaks */
        -:  164://        for (idx = 0; idx < 1049; idx++) {
        -:  165://            bsum = C[idx + 1] * neo_filtered[idx];
        -:  166://            if (bsum < 0.0) {
        -:  167://                bsum = 0.0;
        -:  168://            }
        -:  169://            bsum = rt_powd_snf(bsum, 2.0);
        -:  170://            sum[idx] = bsum;
        -:  171://        }
        -:  172://        /*  remove noise with mean of the signal * scalar value as baseline */
        -:  173://        work_data = sum[0];
        -:  174://        for (k = 0; k < 1023; k++) {
        -:  175://            work_data += sum[k + 1];
        -:  176://        }
        -:  177://        bsum = sum[1024];
        -:  178://        for (k = 0; k < 24; k++) {
        -:  179://            bsum += sum[k + 1025];
        -:  180://        }
        -:  181://        work_data += bsum;
        -:  182://        bsum = work_data / 1049.0 * 59.0;
        -:  183://        for (idx = 0; idx < 1049; idx++) {
        -:  184://            if (sum[idx] < bsum) {
        -:  185://                sum[idx] = 0.0;
        -:  186://            }
        -:  187://        }
        -:  188://
        -:  189://        /*  ----------------------- Activation Detection -------------------------- %
        -:  190://   */
        -:  191://        /*  threshold calculation * scale */
        -:  192://        work_data = sum[0];
        -:  193://        for (k = 0; k < 1023; k++) {
        -:  194://            work_data += sum[k + 1];
        -:  195://        }
        -:  196://        bsum = sum[1024];
        -:  197://        for (k = 0; k < 24; k++) {
        -:  198://            bsum += sum[k + 1025];
        -:  199://        }
        -:  200://        work_data += bsum;
        -:  201://        bsum = work_data / 1049.0 * 5.9;
        -:  202://        /*  finding where detection signal > threshold */
        -:  203://        for (i = 0; i < 1049; i++) {
        -:  204://            b_sum[i] = (sum[i] > bsum);
        -:  205://        }
        -:  206://        findTrueIndices(b_sum, tmp_data, tmp_size);
        -:  207://        locs_size[0] = 1;
        -:  208://        locs_size[1] = tmp_size[1];
        -:  209://        b_i = tmp_size[1];
        -:  210://        for (i = 0; i < b_i; i++) {
        -:  211://            locs_data[i] = tmp_data[i];
        -:  212://        }
        -:  213://
        -:  214://    }
        -:  215:
        -:  216://    printf("Hello World!\r\n");
        -:  217://
        -:  218://    double test_window[101] = {
        -:  219://            -7.3809119e-11, -1.6953807e-01, -5.1172201e-01, -1.0181034e+00, -1.6793236e+00,
        -:  220://            -2.4934308e+00, -3.4660069e+00, -4.6058657e+00, -5.9151207e+00, -7.3818046e+00,
        -:  221://            -8.9773793e+00, -1.0660127e+01, -1.2385447e+01, -1.4117435e+01, -1.5841258e+01,
        -:  222://            -1.7568471e+01, -1.9337327e+01, -2.1203477e+01, -2.3224720e+01, -2.5444671e+01,
        -:  223://            -2.7879361e+01, -3.0513953e+01, -3.3308022e+01, -3.6211097e+01, -3.9177088e+01,
        -:  224://            -4.2175394e+01, -2.3697323e+01, -7.4279637e+00,  5.3346955e+00,  1.4832772e+01,
        -:  225://            2.2373223e+01,  2.9152021e+01,  3.5686264e+01,  4.1165852e+01,  4.3934459e+01,
        -:  226://            4.2223500e+01,  3.4935008e+01,  2.2458586e+01,  6.6661887e+00, -9.1758330e+00,
        -:  227://            -2.1494573e+01, -2.7119932e+01, -2.4487390e+01, -1.4219230e+01,  1.0033823e+00,
        -:  228://            1.7077231e+01,  2.9963234e+01,  3.6791660e+01,  3.7043317e+01,  3.2126034e+01,
        -:  229://            2.4713081e+01,  1.7318470e+01,  1.1321300e+01,  6.4978700e+00,  1.6718859e+00,
        -:  230://            -3.9701694e+00, -1.0172177e+01, -1.5155341e+01, -1.6335012e+01, -1.1832181e+01,
        -:  231://            -1.3702993e+00,  1.2987810e+01,  2.7538319e+01,  3.8131871e+01,  4.2065266e+01,
        -:  232://            3.8903095e+01,  3.0612383e+01,  2.0778000e+01,  1.2788171e+01,  8.6687136e+00,
        -:  233://            8.4306313e+00,  1.0427412e+01,  1.2465446e+01,  1.3081777e+01,  1.2288432e+01,
        -:  234://            1.1249261e+01,  1.1709447e+01,  1.4655657e+01,  1.9794137e+01,  2.5639857e+01,
        -:  235://            3.0256826e+01,  3.2153498e+01,  3.0812971e+01,  2.6810766e+01,  2.0895615e+01,
        -:  236://            1.3645043e+01,  5.0226650e+00, -5.2029578e+00, -1.6880918e+01, -2.8705615e+01,
        -:  237://            -3.8375354e+01, -4.3342195e+01, -4.1679494e+01, -3.3417393e+01, -2.0644248e+01,
        -:  238://            -6.9793109e+00,  3.6088515e+00,  8.2642069e+00,  6.1613161e+00, -1.3436815e+00,
        -:  239://            -1.1674502e+01
        -:  240://    };
        -:  241://
        -:  242://    double value= artifact_detect(test_window,500 );
        -:  243://    printf("value =%f\r\n",value);
        -:  244://    return( 0 );
        -:  245://}
        -:  246:
        -:  247:
        -:  248:
function main called 1 returned 100% blocks executed 81%
        1:  249:int main(int argc, char **argv) {
        1:  250:    double buffer[1001] = {-176881, -1.766679e+05, -1.769269e+05, -1.766675e+05, -1.768272e+05, -176810, -1.767012e+05, -1.767225e+05, -176674, -1.768465e+05, -176581, -1.768664e+05, -1.766881e+05, -1.767016e+05, -1.768044e+05, -1.766899e+05, -1.769121e+05, -176651, -176878, -176583, -1.767864e+05, -1.767449e+05, -1.766569e+05, -1.767264e+05, -1.766061e+05, -1.768159e+05, -1.765726e+05, -1.768685e+05, -1.766379e+05, -1.767031e+05, -1.767711e+05, -1.766671e+05, -1.767746e+05, -1.767144e+05, -1.768459e+05, -1.765516e+05, -1.767914e+05, -1.766991e+05, -1.766574e+05, -1.767419e+05, -1.765954e+05, -1.767626e+05, -1.766071e+05, -1.768761e+05, -1.766118e+05, -1.767299e+05, -1.767635e+05, -1.766654e+05, -1.767849e+05, -1.766608e+05, -1.768582e+05, -1.765649e+05, -1.768581e+05, -1.766961e+05, -1.767134e+05, -1.767978e+05, -1.766611e+05, -1.767614e+05, -176655, -1.769244e+05, -1.766362e+05, -1.768324e+05, -1.767998e+05, -1.767382e+05, -1.768538e+05, -1.767735e+05, -1.770081e+05, -1.766715e+05, -1.769574e+05, -1.767364e+05, -1.768309e+05, -1.768638e+05, -1.767925e+05, -176810, -1.767482e+05, -1.769836e+05, -1.767084e+05, -1.769455e+05, -1.768616e+05, -1.768246e+05, -1.769141e+05, -1.768384e+05, -176904, -1.767932e+05, -176978, -1.767458e+05, -1.768326e+05, -1.768879e+05, -1.767891e+05, -1.768702e+05, -176725, -1.769542e+05, -1.767225e+05, -1.769811e+05, -1.768535e+05, -1.768212e+05, -176913, -176798, -1.768921e+05, -1.768794e+05, -176952, -1.766922e+05, -1.768399e+05, -1.768356e+05, -1.767735e+05, -176839, -1.767278e+05, -1.768564e+05, -1.766884e+05, -1.769471e+05, -1.767699e+05, -1.767848e+05, -1.768412e+05, -1.767675e+05, -1.768526e+05, -1.767129e+05, -1.769876e+05, -1.766546e+05, -1.768455e+05, -1.768044e+05, -176738, -1.768428e+05, -1.767251e+05, -1.768115e+05, -1.766369e+05, -1.769536e+05, -1.767201e+05, -1.767834e+05, -176829, -1.767216e+05, -1.768334e+05, -1.767341e+05, -1.770441e+05, -1.766499e+05, -1.768922e+05, -1.767858e+05, -176766, -176851, -176753, -1.768279e+05, -1.766378e+05, -1.769559e+05, -1.767264e+05, -1.768305e+05, -1.768638e+05, -1.767794e+05, -1.768909e+05, -1.767921e+05, -1.769854e+05, -1.767822e+05, -1.769645e+05, -176837, -176815, -1.769442e+05, -1.768178e+05, -1.769419e+05, -1.767042e+05, -1.770259e+05, -176787, -1.769329e+05, -1.769572e+05, -1.768579e+05, -1.769794e+05, -1.768892e+05, -1.770455e+05, -1.767104e+05, -177083, -176884, -1.769036e+05, -1.769944e+05, -1.768819e+05, -1.769972e+05, -1.768001e+05, -1.770061e+05, -1.767828e+05, -176956, -1.769384e+05, -1.768521e+05, -1.769946e+05, -1.768872e+05, -1.770526e+05, -1.767998e+05, -1.772445e+05, -176880, -1.768994e+05, -1.769634e+05, -1.768482e+05, -1.769359e+05, -176776, -1.769645e+05, -1.766814e+05, -1.769504e+05, -1.768992e+05, -1.768324e+05, -1.769358e+05, -1.768412e+05, -1.769745e+05, -1.767494e+05, -176971, -1.768399e+05, -1.768602e+05, -1.769182e+05, -1.768169e+05, -1.769211e+05, -176779, -1.769766e+05, -1.766344e+05, -1.769382e+05, -1.768789e+05, -1.768364e+05, -176915, -1.768285e+05, -1.769478e+05, -1.767402e+05, -1.770442e+05, -1.769351e+05, -1.768786e+05, -1.768925e+05, -1.768172e+05, -176909, -1.768011e+05, -1.769969e+05, -1.766599e+05, -1.769439e+05, -1.768944e+05, -1.768512e+05, -1.769504e+05, -1.768578e+05, -1.769621e+05, -1.767645e+05, -1.770549e+05, -1.767474e+05, -1.769311e+05, -1.769681e+05, -1.768434e+05, -1.769818e+05, -1.768456e+05, -177054, -1.767554e+05, -1.769412e+05, -1.769361e+05, -1.768792e+05, -1.770309e+05, -176895, -1.770469e+05, -1.768434e+05, -1.771348e+05, -1.768924e+05, -1.771338e+05, -177049, -1.769181e+05, -1.770415e+05, -1.769295e+05, -177116, -176840, -1.770569e+05, -176950, -1.769531e+05, -177076, -1.769694e+05, -1.770895e+05, -1.769046e+05, -1.771581e+05, -1.768962e+05, -1.769996e+05, -1.771084e+05, -1.769104e+05, -1.770434e+05, -1.769356e+05, -1.771305e+05, -1.768609e+05, -1.770901e+05, -176913, -1.769155e+05, -177060, -1.769275e+05, -1.770255e+05, -1.768495e+05, -1.771034e+05, -176855, -176981, -1.770238e+05, -1.769008e+05, -176999, -1.768722e+05, -1.770475e+05, -1.767969e+05, -1.770525e+05, -1.768729e+05, -1.768385e+05, -177003, -176903, -1.770042e+05, -1.768112e+05, -1.770951e+05, -1.767938e+05, -1.769694e+05, -176987, -1.769272e+05, -1.770011e+05, -1.768455e+05, -1.770356e+05, -1.767671e+05, -1.770338e+05, -1.768719e+05, -1.767941e+05, -1.769684e+05, -1.768596e+05, -1.769875e+05, -1.768082e+05, -1.770685e+05, -1.767904e+05, -1.769746e+05, -1.769712e+05, -176869, -1.770012e+05, -176868, -177033, -1.767855e+05, -1.770662e+05, -1.769091e+05, -1.768696e+05, -1.769468e+05, -1.769162e+05, -1.770282e+05, -1.768689e+05, -1.771266e+05, -1.768558e+05, -1.770229e+05, -1.770396e+05, -1.769538e+05, -1.771745e+05, -1.769424e+05, -1.771179e+05, -1.768621e+05, -1.771435e+05, -1.769899e+05, -1.769716e+05, -1.770349e+05, -1.769462e+05, -1.771242e+05, -176931, -177222, -1.769412e+05, -1.771018e+05, -1.771205e+05, -1.770118e+05, -1.770654e+05, -1.770362e+05, -1.771662e+05, -1.769085e+05, -177177, -1.770271e+05, -1.769948e+05, -1.770685e+05, -1.769272e+05, -1.770881e+05, -176948, -177221, -176952, -1.771046e+05, -1.771142e+05, -1.770136e+05, -1.771256e+05, -1.771424e+05, -177148, -1.768669e+05, -1.771029e+05, -1.769971e+05, -1.769475e+05, -1.770839e+05, -176903, -1.770472e+05, -1.769306e+05, -1.771778e+05, -1.769186e+05, -1.770174e+05, -1.770591e+05, -1.769381e+05, -1.770566e+05, -1.769071e+05, -1.771526e+05, -176835, -1.770802e+05, -1.769762e+05, -1.769345e+05, -1.770469e+05, -1.769304e+05, -1.769774e+05, -1.768795e+05, -1.771446e+05, -1.768918e+05, -1.769929e+05, -1.770148e+05, -1.769282e+05, -1.770241e+05, -1.769464e+05, -1.772585e+05, -176849, -1.770582e+05, -1.769772e+05, -1.769352e+05, -1.770419e+05, -1.769516e+05, -177009, -1.768334e+05, -1.771478e+05, -1.769224e+05, -1.769904e+05, -1.770389e+05, -1.769548e+05, -1.770545e+05, -1.769758e+05, -1.771524e+05, -1.769586e+05, -1.771099e+05, -1.770411e+05, -176978, -1.770828e+05, -1.770242e+05, -1.770938e+05, -176865, -1.771865e+05, -1.770054e+05, -1.770686e+05, -1.771249e+05, -1.770448e+05, -177133, -1.770425e+05, -1.772422e+05, -1.769339e+05, -1.771772e+05, -1.771248e+05, -1.770694e+05, -1.771645e+05, -177077, -1.772102e+05, -1.769431e+05, -1.771938e+05, -1.770798e+05, -1.770852e+05, -1.771768e+05, -1.770599e+05, -1.771468e+05, -177001, -1.772598e+05, -1.769855e+05, -177298, -1.771399e+05, -1.770524e+05, -1.771714e+05, -1.770776e+05, -1.772265e+05, -1.769358e+05, -1.771559e+05, -1.769919e+05, -177021, -1.771132e+05, -1.770046e+05, -1.771294e+05, -1.769515e+05, -177236, -1.769831e+05, -1.770185e+05, -1.771528e+05, -177000, -1.770964e+05, -1.769628e+05, -1.771591e+05, -1.768714e+05, -177103, -1.769601e+05, -176995, -1.771132e+05, -1.770006e+05, -1.771159e+05, -1.768985e+05, -1.771739e+05, -1.769526e+05, -1.770315e+05, -177212, -176962, -1.770595e+05, -1.769325e+05, -1.771521e+05, -176865, -1.770768e+05, -1.769791e+05, -1.769355e+05, -1.770849e+05, -1.769752e+05, -177107, -1.768719e+05, -1.771578e+05, -1.769802e+05, -1.770002e+05, -1.770311e+05, -1.770081e+05, -1.770885e+05, -1.769302e+05, -1.771864e+05, -1.769261e+05, -1.770875e+05, -1.770854e+05, -1.769394e+05, -1.771261e+05, -1.770142e+05, -1.772006e+05, -1.769289e+05, -1.772069e+05, -1.770839e+05, -1.770678e+05, -1.771966e+05, -1.772464e+05, -1.771942e+05, -1.770094e+05, -1.772756e+05, -1.770399e+05, -1.771484e+05, -1.771916e+05, -1.770465e+05, -177163, -1.770838e+05, -177295, -177006, -1.772526e+05, -1.771829e+05, -1.771095e+05, -1.772448e+05, -1.771131e+05, -177308, -1.769888e+05, -1.772754e+05, -1.770542e+05, -1.771224e+05, -1.772178e+05, -1.770896e+05, -1.771615e+05, -1.770469e+05, -1.773402e+05, -1.770239e+05, -1.772324e+05, -1.771711e+05, -177077, -1.771782e+05, -1.770641e+05, -177274, -1.769701e+05, -1.772314e+05, -1.770655e+05, -1.770798e+05, -1.771726e+05, -1.770676e+05, -177144, -1.769432e+05, -1.772776e+05, -1.770036e+05, -1.771099e+05, -177154, -1.770248e+05, -1.771326e+05, -1.770435e+05, -1.772299e+05, -1.770264e+05, -1.771834e+05, -1.770979e+05, -1.770296e+05, -1.771552e+05, -1.770388e+05, -1.771471e+05, -1.768856e+05, -1.772192e+05, -1.770261e+05, -1.770758e+05, -1.771466e+05, -1.770262e+05, -1.771358e+05, -1.769995e+05, -1.772472e+05, -1.770256e+05, -1.771636e+05, -177114, -1.770209e+05, -1.771571e+05, -1.770372e+05, -1.772041e+05, -1.769036e+05, -1.771769e+05, -1.770669e+05, -1.770665e+05, -1.771835e+05, -1.770468e+05, -177196, -1.770172e+05, -1.773116e+05, -177049, -1.772434e+05, -1.771915e+05, -177072, -177207, -1.770696e+05, -1.772931e+05, -176983, -1.772069e+05, -1.771505e+05, -1.771315e+05, -1.772488e+05, -1.771286e+05, -1.772749e+05, -1.770469e+05, -1.773664e+05, -1.771166e+05, -1.771311e+05, -1.772736e+05, -1.771372e+05, -1.772518e+05, -1.771029e+05, -1.773658e+05, -1.770365e+05, -1.772279e+05, -1.771454e+05, -1.771039e+05, -1.772391e+05, -1.771086e+05, -1.772902e+05, -1.770392e+05, -1.773336e+05, -1.771764e+05, -1.771701e+05, -1.774246e+05, -1.771372e+05, -177238, -177031, -177307, -1.770221e+05, -177132, -1.771295e+05, -1.770326e+05, -1.772216e+05, -177089, -1.772886e+05, -1.769969e+05, -1.772424e+05, -1.771502e+05, -1.771089e+05, -1.771106e+05, -1.771148e+05, -177202, -1.769718e+05, -1.772694e+05, -1.770578e+05, -1.771099e+05, -1.771575e+05, -1.770232e+05, -1.771974e+05, -1.770571e+05, -1.772852e+05, -1.769922e+05, -1.771711e+05, -1.771535e+05, -1.770758e+05, -1.771989e+05, -1.771918e+05, -1.772349e+05, -176966, -1.772461e+05, -177101, -1.770902e+05, -1.771818e+05, -177031, -1.771834e+05, -1.770528e+05, -1.772956e+05, -177040, -1.771588e+05, -1.771899e+05, -1.771076e+05, -1.772196e+05, -1.770304e+05, -1.773165e+05, -1.770308e+05, -1.772629e+05, -1.771965e+05, -1.771282e+05, -1.772525e+05, -1.771308e+05, -177210, -1.770769e+05, -1.773521e+05, -1.771514e+05, -1.772021e+05, -1.772972e+05, -177170, -1.773028e+05, -1.771876e+05, -1.775419e+05, -1.771201e+05, -1.773192e+05, -1.772694e+05, -1.772154e+05, -1.773051e+05, -1.772075e+05, -1.772978e+05, -1.770934e+05, -1.774171e+05, -177230, -1.772586e+05, -1.773104e+05, -1.772434e+05, -1.772882e+05, -177167, -1.773642e+05, -1.771672e+05, -1.772961e+05, -1.772928e+05, -1.772484e+05, -1.773109e+05, -1.772478e+05, -1.773655e+05, -1.770382e+05, -1.773438e+05, -1.772235e+05, -1.771756e+05, -1.772525e+05, -1.771715e+05, -1.772954e+05, -1.771062e+05, -1.773988e+05, -1.773098e+05, -1.772428e+05, -1.772741e+05, -1.771825e+05, -1.772616e+05, -1.771318e+05, -1.773396e+05, -1.769979e+05, -1.772436e+05, -1.772341e+05, -1.771699e+05, -177260, -177164, -1.772996e+05, -1.770718e+05, -1.773692e+05, -1.770725e+05, -1.772152e+05, -1.772499e+05, -1.771508e+05, -1.772468e+05, -177093, -1.773486e+05, -1.770295e+05, -1.771854e+05, -1.772298e+05, -1.771689e+05, -1.772591e+05, -1.771489e+05, -1.773198e+05, -1.770546e+05, -1.773444e+05, -1.772129e+05, -1.773164e+05, -1.772808e+05, -1.771731e+05, -177293, -1.771164e+05, -1.773994e+05, -1.771349e+05, -177211, -1.772735e+05, -1.772401e+05, -1.773236e+05, -1.772038e+05, -1.774136e+05, -1.771382e+05, -1.773986e+05, -1.773091e+05, -1.771994e+05, -1.773979e+05, -1.772666e+05, -177415, -1.771866e+05, -1.774856e+05, -1.772551e+05, -177311, -1.773234e+05, -177301, -1.774206e+05, -1.772614e+05, -1.775244e+05, -1.772145e+05, -1.774352e+05, -1.774034e+05, -1.773231e+05, -1.776091e+05, -1.772946e+05, -1.774505e+05, -1.771714e+05, -177470, -1.772958e+05, -1.773065e+05, -1.773651e+05, -1.772658e+05, -1.774331e+05, -1.772534e+05, -1.775352e+05, -1.772455e+05, -1.773874e+05, -1.773981e+05, -1.772712e+05, -1.773339e+05, -1.772712e+05, -1.774391e+05, -1.771496e+05, -1.774138e+05, -1.773144e+05, -1.772585e+05, -1.773585e+05, -1.771888e+05, -177400, -1.771935e+05, -1.774645e+05, -1.772229e+05, -1.772816e+05, -177361, -1.772395e+05, -1.773694e+05, -1.773586e+05, -1.774354e+05, -1.771465e+05, -1.773589e+05, -1.773202e+05, -1.772396e+05, -1.773332e+05, -1.771861e+05, -1.773459e+05, -1.771724e+05, -1.774348e+05, -1.772396e+05, -1.772601e+05, -1.773435e+05, -1.772564e+05, -1.773564e+05, -1.771405e+05, -1.774608e+05, -177172, -1.773332e+05, -1.773425e+05, -1.772515e+05, -1.773542e+05, -1.772302e+05, -1.773382e+05, -1.771651e+05, -177438, -1.772768e+05, -1.772929e+05, -1.773769e+05, -1.772962e+05, -177421, -1.772475e+05, -1.776524e+05, -1.772286e+05, -1.773935e+05, -1.773934e+05, -1.773226e+05, -1.774242e+05, -1.772999e+05, -1.774476e+05, -1.771886e+05, -177511, -1.773756e+05, -1.773611e+05, -1.774658e+05, -1.773811e+05, -1.775091e+05, -1.772904e+05, -1.775414e+05, -1.773529e+05, -1.774244e+05, -177464, -177366, -1.774909e+05, -1.773334e+05, -1.775435e+05, -1.771669e+05, -1.774824e+05, -1.774054e+05, -1.773512e+05, -1.774756e+05, -1.773831e+05, -1.775251e+05, -177301, -1.775931e+05, -1.775444e+05, -177412, -1.774486e+05, -1.773511e+05, -1.774324e+05, -1.772851e+05, -177504, -1.771691e+05, -1.773899e+05, -1.774036e+05, -1.773372e+05, -177435, -1.773324e+05, -1.774822e+05, -1.772249e+05, -177507, -1.772609e+05, -1.773629e+05, -1.774119e+05, -1.773125e+05, -1.774019e+05, -177250, -1.774974e+05, -1.772068e+05, -1.773165e+05, -1.773834e+05, -1.773256e+05, -1.774028e+05, -1.773021e+05, -1.774661e+05, -1.771828e+05, -1.774746e+05, -1.773342e+05, -1.774426e+05, -1.773984e+05, -1.772968e+05, -1.774135e+05, -1.772184e+05, -1.775172e+05, -1.772405e+05, -1.773122e+05, -1.773805e+05, -1.773174e+05, -1.774349e+05, -1.772742e+05, -1.775084e+05, -1.772015e+05, -1.774719e+05, -1.773866e+05, -1.772538e+05, -177472, -177336, -1.774791e+05, -1.772512e+05, -1.775531e+05, -1.773214e+05, -1.773729e+05, -177391, -1.773578e+05, -1.774878e+05, -1.773316e+05, -1.775891e+05, -1.772948e+05, -1.775091e+05, -1.774834e+05, -1.774091e+05, -1.776576e+05, -177411, -177556, -1.773244e+05, -1.776094e+05, -1.774269e+05, -1.774268e+05, -1.774642e+05, -1.773932e+05, -1.775425e+05, -1.773954e+05, -177630, -1.773559e+05, -1.774908e+05, -1.774996e+05, -1.774185e+05, -1.774432e+05, -177445, -1.775706e+05, -1.773369e+05, -1.775981e+05, -1.774612e+05, -1.774442e+05, -177495, -1.773441e+05, -1.775071e+05, -1.773395e+05, -1.775774e+05, -177330, -1.774324e+05, -1.774728e+05, -1.773931e+05, -1.774942e+05, -1.775129e+05, -1.775566e+05, -177298, -1.775362e+05, -1.774124e+05, -1.773852e+05, -1.774339e+05, -1.773251e+05, -1.774419e+05};
        -:  251:    double locs[1001]; // output array 1
        -:  252:    double locs2[1001]; // output array 2
        1:  253:    memset(locs, 0, sizeof(locs));
        1:  254:    lowpass_function(buffer,500, 32 , locs); // lowpass filter
        1:  254-block  0
call    0 returned 1
        1:  255:    highpass_function(locs , locs2);               //highpass filter
call    0 returned 1
        -:  256:
        -:  257:        // ------------------------- Artifact removal ------------------------ %
        1:  258:        double artifacts_removed[1051]={0}; // initiliase array
        1:  259:        int WINDOW_WIDTH=100;
        1:  260:        int  ii = 0;
        1:  261:        int jj = ii + WINDOW_WIDTH;
        1:  262:        int ART_SIZE = 60;
        1:  263:         int threshold = 500.0; // TODO: Set this to the appropriate value
        -:  264:
       21:  265:        while (jj < sizeof(artifacts_removed)/ sizeof(artifacts_removed[0])){
       21:  265-block  0
branch  0 taken 20
branch  1 taken 1 (fallthrough)
       20:  266:             double location = artifact_detect(&locs2[ii], threshold);    // locs2 has highpassed signaloverall expanded logic is given above but code optimisation is done here
       20:  266-block  0
call    0 returned 20
       20:  267:            if (!isnan(location)) {
call    0 returned 20
branch  1 taken 0 (fallthrough)
branch  2 taken 20
    #####:  268:                if ((location + (ART_SIZE / 2) <= WINDOW_WIDTH) && (location - (ART_SIZE / 2) > 0)) {
    %%%%%:  268-block  0
branch  0 never executed
branch  1 never executed
    %%%%%:  268-block  1
branch  2 never executed
branch  3 never executed
    #####:  269:                    artifact_remove(&locs2[ii], location - ART_SIZE / 2, location + ART_SIZE / 2 , artifacts_removed );
    %%%%%:  269-block  0
call    0 never executed
        -:  270:                }
        -:  271:            }
       20:  272:            ii += WINDOW_WIDTH / 2;
       20:  273:            jj = ii + WINDOW_WIDTH;
       20:  273-block  0
        -:  274:        }
        -:  275:
        -:  276:            /*----------------- Non Linear Energy (NEO) Transform --------------- */
        -:  277:
        1:  278:        double *neo_filtered = (double *)calloc(1050, sizeof(double));
        1:  279:        double *output = (double *)calloc(1050, sizeof(double));
        1:  280:        NEO_transform(artifacts_removed , neo_filtered );//double* output[1050]
        1:  280-block  0
call    0 returned 1
        -:  281:
        -:  282:    /*  MOVING_AVERAGE_1S_WINDOW applies a moving average filter to the input */
        1:  283:        moving_average_1s_window(neo_filtered,1050,32,output); // sampling f 32
call    0 returned 1
        -:  284:
        -:  285:
        -:  286:        //------------------- Edge Detection ---------------------------------//
        1:  287:    const int bufferSize = 1050;
        -:  288:   // double highpassSignal[1050];  // Replace with your actual data
        -:  289:    //double neoFiltered[1050];     // Define neoFiltered as needed
        -:  290:    double detectionSignal[1050];
        -:  291:    double activationThreshold;
        -:  292:    double locs3[1050];
        1:  293:    int locsSize = 0;
        -:  294:
        -:  295:    // Edge Detection
        -:  296:    double convolutionResult[1050];
     1050:  297:    for (int k = 0; k < bufferSize - 1; k++) {
     1050:  297-block  0
branch  0 taken 1049
branch  1 taken 1 (fallthrough)
     1049:  298:        convolutionResult[k] = -artifacts_removed[k + 1];
     1049:  298-block  0
        -:  299:    }
        3:  300:    for (int k = 0; k < 2; k++) {
        1:  300-block  0
        2:  300-block  1
        3:  300-block  2
branch  0 taken 2
branch  1 taken 1 (fallthrough)
        2:  301:        int startIndex = bufferSize - k;
     2103:  302:        for (int b_k = 0; b_k <= startIndex; b_k++) {
        2:  302-block  0
     2103:  302-block  1
branch  0 taken 2101
branch  1 taken 2 (fallthrough)
     2101:  303:            int idx = k + b_k;
     2101:  304:            convolutionResult[idx] += (k + 1.0 - 1.0) * artifacts_removed[b_k];
     2101:  304-block  0
        -:  305:        }
        -:  306:    }
        -:  307:
        -:  308:    // Remove negative values and square values
     1051:  309:    for (int idx = 0; idx < bufferSize; idx++) {
        1:  309-block  0
     1051:  309-block  1
branch  0 taken 1050
branch  1 taken 1 (fallthrough)
     1050:  310:        double value = convolutionResult[idx] * neo_filtered[idx];
     1050:  311:        if (value < 0.0) {
     1050:  311-block  0
branch  0 taken 0 (fallthrough)
branch  1 taken 1050
    #####:  312:            value = 0.0;
    %%%%%:  312-block  0
        -:  313:        }
     1050:  314:        detectionSignal[idx] = pow(value, 2.0);
     1050:  314-block  0
        -:  315:    }
        -:  316:
        -:  317:    // Remove noise using a baseline
        1:  318:    double sum = 0.0;
     1051:  319:    for (int idx = 0; idx < bufferSize; idx++) { //used for mean calculation
        1:  319-block  0
     1051:  319-block  1
branch  0 taken 1050
branch  1 taken 1 (fallthrough)
     1050:  320:        sum += detectionSignal[idx];
     1050:  320-block  0
        -:  321:    }
        1:  322:    double baseline = sum / bufferSize * 59.0;        // mean*baseline
        -:  323:
     1051:  324:    for (int idx = 0; idx < bufferSize; idx++) {
        1:  324-block  0
     1050:  324-block  1
     1051:  324-block  2
branch  0 taken 1050
branch  1 taken 1 (fallthrough)
     1050:  325:        if (detectionSignal[idx] < baseline) {
     1050:  325-block  0
branch  0 taken 0 (fallthrough)
branch  1 taken 1050
    #####:  326:            detectionSignal[idx] = 0.0;
    %%%%%:  326-block  0
        -:  327:        }
        -:  328:    }
        -:  329:
        -:  330:    // Activation Detection
        1:  331:    sum = 0.0;
     1051:  332:    for (int idx = 0; idx < bufferSize; idx++) { //used for mean calculation
        1:  332-block  0
     1051:  332-block  1
branch  0 taken 1050
branch  1 taken 1 (fallthrough)
     1050:  333:        sum += detectionSignal[idx];
     1050:  333-block  0
        -:  334:    }
        1:  335:    activationThreshold = sum / bufferSize * 5.9;
        -:  336:
        -:  337:    // Finding where detection signal > threshold
        -:  338:    bool aboveThreshold[1050];
     1051:  339:    for (int i = 0; i < bufferSize; i++) {
        1:  339-block  0
     1051:  339-block  1
branch  0 taken 1050
branch  1 taken 1 (fallthrough)
     1050:  340:        aboveThreshold[i] = (detectionSignal[i] > activationThreshold);
     1050:  340-block  0
        -:  341:    }
        -:  342:
        -:  343:    // Locate activations
     1051:  344:    for (int i = 0; i < bufferSize; i++) {
        1:  344-block  0
     1050:  344-block  1
     1051:  344-block  2
branch  0 taken 1050
branch  1 taken 1 (fallthrough)
     1050:  345:        if (aboveThreshold[i]) {
     1050:  345-block  0
branch  0 taken 0 (fallthrough)
branch  1 taken 1050
    #####:  346:            locs3[locsSize] = i;
    #####:  347:            locsSize++;
    %%%%%:  347-block  0
        -:  348:        }
        -:  349:    }
        -:  350:
        -:  351:    // Remove points in close proximity of each other
        -:  352:    int indicesToRemove[1050];
        1:  353:    int numIndicesToRemove = 0;
       1*:  354:    for (int i = 0; i < locsSize - 1; i++) {
        1:  354-block  0
    %%%%%:  354-block  1
        1:  354-block  2
branch  0 taken 0
branch  1 taken 1 (fallthrough)
    #####:  355:        if (locs3[i + 1] - locs[i] < 500) {
    %%%%%:  355-block  0
branch  0 never executed
branch  1 never executed
    #####:  356:            indicesToRemove[numIndicesToRemove] = i + 1;
    #####:  357:            numIndicesToRemove++;
    %%%%%:  357-block  0
        -:  358:        }
        -:  359:    }
        1:  360:    removeElements(locs3, &locsSize, indicesToRemove, numIndicesToRemove);
        1:  360-block  0
call    0 returned 1
        -:  361:
        -:  362://    // Remove points past the window length
        -:  363://    for (int i = 0; i < locsSize; i++) {
        -:  364://        if (locs[i] > bufferSize) {
        -:  365://            locsSize = i;
        -:  366://            break;
        -:  367://        }
        -:  368://    }
        -:  369:
        -:  370:
       1*:  371:    for (int i = 0; i < locsSize; i++) {
        1:  371-block  0
branch  0 taken 0
branch  1 taken 1 (fallthrough)
    #####:  372:        printf("%f ", artifacts_removed[i]);
    %%%%%:  372-block  0
call    0 never executed
        -:  373:    }
        1:  374:    return (0);
        1:  374-block  0
        -:  375:}
        -:  376:
        -:  377:// Function to remove elements from an array
function removeElements called 1 returned 100% blocks executed 38%
        1:  378:void removeElements(double arr[], int* size, int indices[], int numIndices) {
        1:  379:    int newSize = *size - numIndices;
       1*:  380:    for (int i = 0, newIndex = 0, removed = 0; i < *size; i++) {
        1:  380-block  0
    %%%%%:  380-block  1
        1:  380-block  2
branch  0 taken 0
branch  1 taken 1 (fallthrough)
    #####:  381:        if (removed < numIndices && i == indices[removed]) {
    %%%%%:  381-block  0
branch  0 never executed
branch  1 never executed
    %%%%%:  381-block  1
branch  2 never executed
branch  3 never executed
    #####:  382:            removed++;
    #####:  383:            continue;
    %%%%%:  383-block  0
        -:  384:        }
    #####:  385:        arr[newIndex++] = arr[i];
    %%%%%:  385-block  0
        -:  386:    }
        1:  387:    *size = newSize;
        1:  388:}
        -:  389:
        -:  390:
        -:  391:
        -:  392:
function rt_powd_snf called 0 returned 0% blocks executed 0%
    #####:  393:static double rt_powd_snf(double base, double exponent)
        -:  394:{
        -:  395:    double result;
    #####:  396:    if (isnan(base) || isnan(exponent)) {
    %%%%%:  396-block  0
call    0 never executed
branch  1 never executed
branch  2 never executed
    %%%%%:  396-block  1
call    3 never executed
branch  4 never executed
branch  5 never executed
    #####:  397:        result = NAN;
    %%%%%:  397-block  0
        -:  398:    } else {
        -:  399:        double baseAbs;
        -:  400:        double exponentAbs;
    #####:  401:        baseAbs = fabs(base);
    #####:  402:        exponentAbs = fabs(exponent);
    #####:  403:        if (isinf(exponent)) {
    %%%%%:  403-block  0
call    0 never executed
branch  1 never executed
branch  2 never executed
    #####:  404:            if (baseAbs == 1.0) {
    %%%%%:  404-block  0
branch  0 never executed
branch  1 never executed
    #####:  405:                result = 1.0;
    %%%%%:  405-block  0
    #####:  406:            } else if (baseAbs > 1.0) {
    %%%%%:  406-block  0
branch  0 never executed
branch  1 never executed
    #####:  407:                if (exponent > 0.0) {
    %%%%%:  407-block  0
branch  0 never executed
branch  1 never executed
    #####:  408:                    result = INFINITY;
    %%%%%:  408-block  0
        -:  409:                } else {
    #####:  410:                    result = 0.0;
    %%%%%:  410-block  0
        -:  411:                }
    #####:  412:            } else if (exponent > 0.0) {
    %%%%%:  412-block  0
branch  0 never executed
branch  1 never executed
    #####:  413:                result = 0.0;
    %%%%%:  413-block  0
        -:  414:            } else {
    #####:  415:                result = INFINITY;
    %%%%%:  415-block  0
        -:  416:            }
    #####:  417:        } else if (exponentAbs == 0.0) {
    %%%%%:  417-block  0
branch  0 never executed
branch  1 never executed
    #####:  418:            result = 1.0;
    %%%%%:  418-block  0
    #####:  419:        } else if (exponentAbs == 1.0) {
    %%%%%:  419-block  0
branch  0 never executed
branch  1 never executed
    #####:  420:            if (exponent > 0.0) {
    %%%%%:  420-block  0
branch  0 never executed
branch  1 never executed
    #####:  421:                result = base;
    %%%%%:  421-block  0
        -:  422:            } else {
    #####:  423:                result = 1.0 / base;
    %%%%%:  423-block  0
        -:  424:            }
    #####:  425:        } else if (exponent == 2.0) {
    %%%%%:  425-block  0
branch  0 never executed
branch  1 never executed
    #####:  426:            result = base * base;
    %%%%%:  426-block  0
    #####:  427:        } else if ((exponent == 0.5) && (base >= 0.0)) {
    %%%%%:  427-block  0
branch  0 never executed
branch  1 never executed
    %%%%%:  427-block  1
branch  2 never executed
branch  3 never executed
    #####:  428:            result = sqrt(base);
    %%%%%:  428-block  0
    #####:  429:        } else if ((base < 0.0) && (exponent > floor(exponent))) {
    %%%%%:  429-block  0
branch  0 never executed
branch  1 never executed
    %%%%%:  429-block  1
branch  2 never executed
branch  3 never executed
    #####:  430:            result = NAN;
    %%%%%:  430-block  0
        -:  431:        } else {
    #####:  432:            result = pow(base, exponent);
    %%%%%:  432-block  0
        -:  433:        }
        -:  434:    }
    #####:  435:    return result;
    %%%%%:  435-block  0
        -:  436:}
        -:  437:
        -:  438:
function findTrueIndices called 0 returned 0% blocks executed 0%
    #####:  439:void findTrueIndices(int const inputArray[1050], int foundIndices[], int indicesSize[2])
        -:  440:{
        -:  441:    int indexCount;
        -:  442:    int currentIndex;
        -:  443:    bool exitCondition;
    #####:  444:    indexCount = 0;
    #####:  445:    indicesSize[0] = 1;
    #####:  446:    currentIndex = 0;
    #####:  447:    exitCondition = false;
    #####:  448:    while ((!exitCondition) && (currentIndex < 1050)) {
    %%%%%:  448-block  0
    %%%%%:  448-block  1
branch  0 never executed
branch  1 never executed
    %%%%%:  448-block  2
branch  2 never executed
branch  3 never executed
    #####:  449:        if (inputArray[currentIndex]) {
    %%%%%:  449-block  0
branch  0 never executed
branch  1 never executed
    #####:  450:            indexCount++;
    #####:  451:            foundIndices[indexCount - 1] = currentIndex + 1;
    #####:  452:            if (indexCount >= 1050) {
    %%%%%:  452-block  0
branch  0 never executed
branch  1 never executed
    #####:  453:                exitCondition = true;
    %%%%%:  453-block  0
        -:  454:            } else {
    #####:  455:                currentIndex++;
    %%%%%:  455-block  0
        -:  456:            }
        -:  457:        } else {
    #####:  458:            currentIndex++;
    %%%%%:  458-block  0
        -:  459:        }
        -:  460:    }
    #####:  461:    if (indexCount < 1) {
    %%%%%:  461-block  0
branch  0 never executed
branch  1 never executed
    #####:  462:        indicesSize[1] = 0;
    %%%%%:  462-block  0
        -:  463:    } else {
    #####:  464:        indicesSize[1] = indexCount;
    %%%%%:  464-block  0
        -:  465:    }
    #####:  466:}
        -:  467:
        -:  468:
        -:  469://int main() {
        -:  470://    // Example usage
        -:  471://    int N = 1050; // Length of the input signal
        -:  472://    int sample_rate = 32; // Sample rate in Hz
        -:  473://    //double *output_signal = (double *)malloc(N * sizeof(double));
        -:  474://    double *output_signal = (double *)calloc(N, sizeof(double));
        -:  475://    // Initialize input_signal with appropriate values
        -:  476://    double input_signal[1050]={1.0000000000000000, 0.0287431560974328, 0.0892521242366923, 0.1771877597714960, 0.2815572383171996, 0.3966499806238772, 0.5287963631751982, 0.7121497733224729, 0.9890527635657662, 1.3887562605999477, 1.9023653325318435, 2.4494512756352265, 2.9056437017945598, 3.1009223172767690, 2.9236968078984091, 2.3235942088467141, 1.4195295617736292, 0.4834552763253441, -0.1279056583307465, -0.0590362969606986, 0.8412364896144027, 2.4949978918490388, 4.4805911443083914, 6.3322412173563407, 7.6269296553552977, 850.3717365730431084, 248.2858393104348806, 181.5926502336884027, 138.6362662014036005, 100.6567819582610213, 68.1558336090968737, 51.4236076446572952, 73.4416276750957877, 126.7706690167176475, 192.0703573588202744, 247.9732662649578288, 272.1747026368234401, 271.5047233545259928, 250.5143051031204777, 227.4827883145525220, 213.1686892461412413, 209.1447138931140444, 214.0077416947548272, 226.7567098231040745, 243.8318456376897529, 261.5672349526341804, 269.4957060384773513, 243.6887002056603251, 190.2372062259121321, 116.6275468354895111, 54.3626358291778615, 20.1452073766838566, 15.6386560524871356, 23.2943940199046260, 28.5928469908406200, 32.7689643303664297, 43.3039174279273311, 63.5217299229676087, 87.5118854158882584, 117.6166432827763515, 155.5518318055596581, 206.4189428069834662, 263.1095518230448533, 295.6328395340294719, 286.0388069233601982, 225.7327471529654304, 128.7894897650772918, 40.2488950144885393, -16.5812107659346850, -32.6657597574089351, -19.3167068561310771, 3.6393442597015451, 18.9782730540853493, 17.9520954670148001, 3.8452327551530914, -17.3448638444776577, -27.7541602448237938, -16.9901249661318161, 16.0389212413788300, 58.4944830870081205, 91.0644734399738809, 101.5446854158067254, 87.3792931235108199, 74.9612149689002081, 70.7926456659492374, 81.2355284811711869, 96.2217472289134008, 111.8579660816522221, 135.6112880547458701, 176.2011310371244690, 228.5034324685918818, 279.0805160390809760, 288.7970198604900816, 256.2803954138147446, 192.9545848100541150, 123.2128061973916715, 70.7022791022950230, 46.0618409647357936, 49.0662777493119862, 73.7357797133676911, 106.8982924316804457, 130.1282617504358541, 130.6217819683193966, 107.5110184144955383, 78.6657039054668985, 63.1948048665001352, 69.2855561164383289, 97.7884315139826867, 118.6758391816960057, 125.3699109137060077, 116.4588653607885931, 103.2608663413575130, 94.6765791974928987, 90.9109243837837084, 90.9213166611272641, 97.9309089707719238, 109.3611923357664324, 120.2802818036220742, 119.6931429422790529, 101.3634660454430332, 79.2877166474295336, 73.1244315973956418, 96.6727265232200352, 149.7584098318950510, 193.8483146536506183, 219.9959964990063668, 223.7819829946050731, 222.0019332930734492, 223.3293353122334111, 215.0939498628401907, 186.5805655875467437, 137.2976057498101454, 74.3134425855536165, 25.8859861640500952, 0.6371131177327207, -4.4331896692259791, -1.2604781471018813, 2.2270260287236625, 3.7596772067623636, 4.6468129498385649, 5.8009652520584325, 9.2243385420957633, 19.5635822424691170, 42.7401314212229693, 77.9429932768701121, 110.3879893016090818, 119.4929745389094933, 96.2370443773344277, 42.3180629213103430, -3.6549284088296190, -21.1109909492012662, -0.0448468328368676, 38.3606989573036685, 73.5526677462740963, 88.9610607359385881, 91.7259058287333318, 93.6684072301659256, 102.9521498312709582, 119.6749320676360355, 150.7459624514871734, 199.3059580296314266, 256.4512948504760175, 299.3645394151351411, 298.2826328093208303, 242.2317543536703397, 168.4417473732303279, 100.3392399543124611, 66.8345004516064591, 60.1324311237154348, 66.7370273744006397, 70.8749767051760955, 71.7885865949571382, 75.1478031674236320, 87.7826631746295334, 101.8781515342788566, 114.9228522126221606, 119.9928546914700576, 120.1137423151205184, 115.5864909872052380, 112.8690780205345021, 114.5062014898707901, 126.2206417520594073, 142.7469674222990363, 166.2632735464285645, 191.5889199624997730, 203.0676878768138067, 184.8873231724734296, 127.3946198734015525, 38.2980154322510771, -35.2359498274011003, -69.7574910668467965, -48.0322429716139823, 10.9225538364581780, 78.7113387968734060, 124.8797589639884791, 141.5311582372609678, 140.9044560276072104, 129.6388328726226860, 118.9581400643148470, 117.2726780944799430, 134.9759482930650449, 186.8675124536806322, 276.6958302818760558, 402.4793307028611480, 555.5090464865158992, 733.2071294326733550, 894.9823710085747734, 1016.2815680195899404, 1056.3363976458426805, 1019.9564054087863951, 932.3558940229058862, 836.5111046858161217, 751.4612378341173553, 669.4166337722967910, 549.3430795895783376, 395.3205704611511919, 229.8459017586794744, 98.6970061707525872, 21.6508784113737853, -3.6121650862684427, 0.0341816461578653, 9.8593546924513795, 15.4463307472466873, 10.9468646370273817, -2.0588669087181231, -16.6456192586583356, -16.5065781972202785, 10.6213425989090808, 64.0187651939929765, 128.0187910807978824, 165.1674018010005511, 170.5653609766875434, 147.8799969591348145, 126.0694648636601869, 116.0327626786732651, 116.1486160208547886, 118.0597584511266689, 124.2460403859605833, 141.4436001055094039, 185.3226690833032535, 238.0785526006459349, 286.9438946179610639, 322.1250143284013348, 356.2275309872536582, 394.0766589076855553, 424.5242661895331366, 407.9066637719668051, 340.7972178481427363, 226.7932955014659910, 108.7457121415603609, 24.3542993408456176, -3.4114670763557493, 19.2855371990036275, 66.7144917169702865, 111.7176496558191729, 127.2479450557806331, 106.7738094953845120, 55.3910026557434492, -0.4979321865947242, -34.5542385094663302, -27.5624479166312994, 23.2057639306620445, 88.9691692332428943, 147.2341126147805426, 172.6084205336015884, 174.4258121512116304, 167.9101543608288125, 172.0932324424070430, 183.4430165703212481, 193.3696809722379157, 200.8410983761217494, 229.5595901268238777, 284.2613246174551023, 353.4896762393304925, 387.8818155133640175, 366.9228530756163309, 293.6618213902495427, 190.5019580747726309, 105.3810450522844917, 58.5503641375872022, 56.1758176400469722, 90.6342193965431591, 143.9088058300646082, 190.6987408309285001, 206.9994859886238601, 185.7172287032765325, 115.4985334925795541, 36.0960328892609823, -29.6657072166578928, -53.7507603514504240, -37.9050084010585238, 3.6143407461098036, 44.9489216578392643, 63.5421112656212586, 63.0295718357439796, 47.2324183781854288, 30.4687767621699734, 18.3441360217543874, 11.0630647759911405, 6.2826089764743926, 3.2327179794374263, 1.2680026765016004, 1.1641976534092129, 1.1500257093485728, 1.2112731583103435, 2.6620893495442211, 5.7833062454105768, 11.3714979956213451, 21.5467951852977677, 40.7579160299244379, 67.7755640997161208, 98.2256267626341355, 112.0289285934740064, 102.2466036616207248, 68.9165127340156118, 33.0676440376526273, 10.7937434754438613, 3.6922701850700719, 6.8061391538596876, 10.0863479418259718, 14.7926966782024074, 28.6408954585523645, 54.6147719136150442, 88.8466713212292234, 123.6779648451538662, 157.3977290972638912, 202.2929588053664531, 258.7467705552996335, 304.4142818162422373, 315.3232713099068860, 267.0993779353609625, 176.3556327269041049, 76.5112318267479168, -1.1813952780599379, -30.2059078294558958, -26.7691505031632744, -7.5235731910871664, 5.7048650418165039, 6.4103958616225754, -6.1217679487292429, -21.7742380655094223, -24.2506420620259746, -6.1823380460986925, 38.9446083440178654, 92.8259995000138360, 133.9169643427192113, 141.2854903761324294, 122.0585068600028080, 94.3464871582964406, 72.2913791451479710, 71.9964885239824071, 77.5073010804266858, 83.8053694468527652, 95.8928988426140734, 125.0122417160953319, 179.6471979826922052, 244.4102172837904163, 283.2553981871240012, 291.3771574359874421, 258.0251006533625286, 207.9104013133768092, 165.0078463982489438, 143.5022668850426726, 148.0463972513144597, 175.9700480135007581, 216.7636728333912970, 249.0492772035615872, 252.8065276267730042, 199.5996688214190726, 104.7436123893569402, 3.7183009834490122, -51.9897049739512340, -40.4693160723912797, 14.1260773721335227, 82.9868458015986903, 125.0808015637181825, 143.6684928134449706, 149.4688598421952861, 155.7759666873323852, 164.4472249073353964, 174.7337476481521321, 189.6678716528210771, 226.6690393103652355, 278.3736264228419941, 330.1972694631709828, 376.8860234882074565, 426.9002423121273750, 494.1486927411533543, 572.4331018077173212, 610.8336083289887029, 605.8920186323697408, 551.3823584793848340, 489.4264229902202032, 440.8212999785512238, 391.9961515789011628, 326.6578489615303624, 242.2338452797142736, 148.9198524142257440, 79.7759418096705417, 41.1672456266501285, 27.5687751360451649, 27.5492559211042298, 30.4897764947173755, 29.2826261582727554, 19.2838223239751443, 2.8423274428422047, -15.1944125409566766, -18.5823705957185581, -2.9858551249267009, 27.0745565293518666, 52.1986574585163794, 55.1020231823789572, 34.7338486884329996, 0.5979898528868262, -11.2047751498720345, 5.7712076501630918, 49.6501638127700744, 92.9386924670178303, 123.7770677936925097, 143.0660031617572656, 165.0170307879396319, 192.5253668938879628, 223.3464834563117734, 243.8720321133431810, 265.0435713444772432, 291.4824271498338248, 310.4159349731728526, 293.2879657655198571, 223.5304012324643281, 110.4521134137496574, 15.2982490733324994, -32.7874975469277388, -17.5484255339423498, 28.0829443251463999, 71.9938941872438249, 94.4861536838471636, 95.8254465759276002, 92.2861248854943312, 91.4868648907175128, 93.2490160949467963, 101.4756670944707651, 114.3438209661767928, 133.2202029636980001, 153.9284655744682482, 170.5279576482984112, 174.2277443234237353, 172.6372838975436821, 159.5693038019823859, 146.9483941240047784, 135.5081222215078753, 119.3267913124302311, 89.2173968616826869, 46.2657950927268189, -6.2344994484161020, -35.0795299602032173, -34.5930488712273245, -2.3563779171921624, 36.2288099935424270, 62.6631972927330025, 64.9387909421822087, 41.6619705569044072, 17.5260846715690377, -3.5167593126863324, -10.3125386162217865, -10.3135319750597318, -7.6948935347014498, -9.0518798231557014, -13.8165629066256912, -13.8789514809718355, 2.5196738383260708, 61.7263903485643368, 162.6203638006049914, 299.0184948948872261, 420.7553851118818784, 497.6822168080116171, 511.9560432821872382, 464.1923168486438840, 405.1064905071867770, 347.6237413186062781, 297.1500137546157703, 248.8815436362405080, 191.2209573271542240, 136.3272821408208983, 93.7964713719436531, 63.5924988263623376, 45.5486595660863927, 32.7029080081135675, 25.5193480996693367, 28.8241102718310600, 40.0497229126934471, 58.1743819576882188, 84.4794636179904472, 122.2454926524958978, 158.1024927961199182, 181.0343826709720361, 166.3702683939482085, 126.1892522686362099, 77.3992785008762780, 44.4550530589565795, 32.0042464170632854, 26.2155924083095968, 20.1422329803748426, 23.6967738044883163, 44.9942707656089169, 90.9814870499835138, 142.2722603156798868, 186.4487878073823879, 228.0808228369002109, 275.5412446006265554, 326.7740823420116385, 361.2892020664169195, 337.9381288847589531, 255.7647063970036925, 129.6970695563252320, 6.5844103834696170, -65.8630126333094381, -79.3533594864895235, -36.6104811782549291, 23.9350654952893365, 73.0503821808173370, 84.5708801733488826, 60.7413753391552973, 18.9648014014908313, -22.7645712551100132, -35.7403742462174705, -30.3482220886219238, -5.2693974621030293, 12.8787255424227851, 25.6823511016572184, 33.3889775217303395, 47.6035490868753186, 82.1849645643554254, 123.5135619564970000, 172.3052162770652842, 228.8415024940432545, 309.5476584811198109, 422.3364384568346850, 536.7112847805383353, 593.9023531276702670, 566.5859486378681140, 439.7096495255486843, 289.0250570934500729, 152.9382406793117752, 68.6503772881099508, 32.2015119177274798, 29.6686794818917861, 45.0100722006015488, 61.8897109164750034, 70.0247466114209942, 62.4337820228145119, 61.8259829859727006, 75.6146466908487582, 117.5739520229767550, 166.1224514634138814, 191.6332042882099813, 192.8106487641030071, 160.8865163364463626, 122.0001005628198811, 89.0532678116187668, 71.9551931476600970, 72.8534781235865694, 89.4592235319582016, 114.2915414235927045, 136.1474585499786656, 148.9617529824330404, 134.9210889567947333, 104.6369794198271848, 61.5694724148194723, 26.9104354781233610, 7.7513483073227576, 1.7827414952418978, 2.6543322895244077, 3.4001378815189063, 5.1354383168840574, 12.4834575385156441, 24.6262810804798704, 35.5198746999611501, 37.2078499599589065, 22.1804957397699241, 3.8459717458981402, -12.5244501397275769, -9.2950049241705983, 7.7899922538106239, 31.4722284102546155, 50.6638239575121432, 61.8841879484006796, 72.8506186169229721, 88.8101975930224796, 104.1896214290879641, 122.2649075718013023, 139.9190371670572972, 164.2546708953548205, 190.5335591361110232, 203.1749654477694094, 178.4509487409304711, 130.6145823305912472, 64.3896014133626977, 21.5530269147123477, 5.0165028331784924, 11.1327431052166048, 22.4887869660059181, 26.3150645518732595, 25.8206318301128341, 25.2708283913487648, 27.7820516161896975, 38.1373491791609212, 58.2195907548143623, 91.2602187178742668, 130.9287140389172919, 166.2175047028423478, 170.5873214743010067, 159.0521644354507771, 128.1648775803446370, 111.8731112435957584, 108.2462098014175353, 116.3549828710508791, 125.0514618876531756, 128.8165806302073122, 133.5838212631217630, 148.1041604810394574, 163.6073568489791796, 180.0352746144995990, 182.1998192079803403, 171.0043629970971892, 153.5580754968199813, 134.3697403739261063, 119.8486061726883918, 118.3556844592899893, 122.2318597350121649, 134.2733352313115915, 149.3880930094462656, 160.6019038922025572, 153.1086947639802247, 122.6248986537142400, 59.5187280978151421, -4.4255059527767457, -49.8842303172325501, -50.8071797894639303, -12.9393903147413880, 42.4395600184877821, 92.9461494128522645, 117.5610832199856191, 125.9596637847466809, 121.9332501108770543, 116.9899382838916182, 114.2576712895354802, 118.8061179585518516, 140.9102576805051399, 193.9213194061236436, 276.0252694935197724, 386.5169724097100925, 537.4662740587884855, 709.7739943189908445, 893.9822758685377266, 1032.0894327066744154, 1076.5411411061927538, 1047.5374990367058672, 969.4637803952514332, 894.3942119274719289, 830.7830727836890219, 741.1481532241473360, 612.2573965877895716, 449.1371683681921922, 285.8331360846613620, 166.1619805296802497, 98.6455127813427737, 73.0908511246368562, 74.9975899616658808, 85.4312115765196722, 88.3498195024875059, 72.2805530629800614, 41.1301580041591137, 4.4363234039713006, -8.6826281126466256, -4.2248155280933588, 18.6538553304240509, 32.3923459180326176, 30.7430835906458810, 17.2362646754996831, 0.9399309427201672, -0.9377980897927074, 6.2812546303017029, 19.3812822308951667, 30.4295100387125785, 43.4210513465999028, 65.2706845062292018, 98.4557289503640050, 131.2198317919272768, 165.0387940744061837, 195.2153365528592417, 233.4368098785141115, 275.5344231704177105, 294.2306787453374000, 269.8230421494415623, 198.4898915121556229, 92.7901232063956058, 1.6570536995267844, -51.7070784829222561, -48.9267977563980594, -7.3953991879543821, 49.1112437299050839, 88.0299159479258719, 94.2726513247036451, 73.0624451943423310, 31.6029408831914793, -3.3753956741271907, -21.4308301950787339, -15.9685675330840908, 5.6234424124425715, 30.6225245739164507, 49.2972569036937216, 54.2306393913671627, 59.3950209966354237, 68.4331888951593896, 90.0523769972495245, 118.7597964061048543, 157.7889393360467238, 223.5415849686417005, 331.3681779786425068, 457.4167459322170544, 574.4492548991070180, 599.6325644131502486, 532.7040582027873370, 387.7338641298111952, 227.2400449610853173, 109.8884848182452458, 59.4107954257644053, 69.3726476447989455, 115.7778884697993789, 169.3491807122096304, 200.2574998714428034, 199.8038893380680747, 163.2070365406070209, 102.9532189127098860, 46.5420113833285995, 11.5305186060862610, 13.2506303164273120, 50.6019438236148318, 109.2713223833124800, 163.6966370964566408, 201.3717273998714745, 219.3847769747458187, 224.8696009067442674, 234.0838639636475875, 241.4642446181422031, 248.9669036568882916, 265.8525422276097743, 294.8202830260870542, 337.8591706338427230, 392.4344228901077827, 449.4443088591035576, 514.2590075687601257, 590.2674260563212556, 645.2912507962851123, 672.1803144841815083, 654.5191075742108069, 615.9911634067318573, 576.4279101475534617, 538.4688397268862445, 475.8939578628946947, 387.3081855780005753, 262.8092580096470101, 143.5686563778616005, 54.3871845914649867, 10.5526779156503050, 4.5357316832842089, 17.7620253081926300, 33.2799649589739062, 36.0935672635596774, 22.9413925593443366, -6.0642000597070478, -30.5298516581114256, -29.7961745342355471, 3.8200975681806995, 68.6891476809945516, 119.2754975092532277, 143.7181832551586922, 121.7910583051975664, 85.9039609911976640, 58.7992123712745069, 55.6960130945168430, 71.5697834475240313, 82.2432912690762663, 85.7928032242801351, 88.2163117297063053, 98.1658522673920118, 119.6022008405028032, 145.7873889832881105, 176.9188419896557320, 217.8429050543378480, 265.5215293520471391, 291.0604345291957316, 287.1163588550614350, 236.0580057263547360, 162.7970921664849584, 91.4095591366881308, 42.1374344561615359, 18.8393770968842773, 10.1101879492307045, 3.8009745155313395, -0.6154837016028112, 1.4081314705043722, 14.0763950991638325, 33.5857013073406634, 49.0261508631238883, 55.1324756287533546, 43.8785306239373085, 26.9733956484756021, 8.8753203668102323, -2.2405210620739218, -4.5646409543968094, 2.9810590476602794, 19.5530017425497675, 40.0839923985572852, 79.3316172840350191, 146.7017395676984961, 283.6015833420692616, 465.9995443016182435, 658.9007419664230838, 785.4186139555404225, 782.2638034942388003, 687.3288736940855870, 538.9146069705309401, 407.1849956454167341, 322.8221187075437797, 284.3164880354022443, 281.9867776327725437, 299.2306793486758352, 317.8390138904573519, 316.7674736766867909, 295.7720356655083833, 244.8295869124948467, 188.1889932549543687, 138.9153605523353008, 103.5025325303872705, 74.8426689238763743, 46.2734359754703632, 13.8517454839779930, -5.4370991928250874, -11.2606237954056496, 0.9170214760773092, 13.8599276749580440, 19.4482647489962233, 17.0852646872860987, 8.1849245889493432, 10.4958996247364098, 20.0243929106364362, 36.5995352370132281, 52.7397231505306294, 72.1284071640712909, 103.0863764160051517, 151.1011259300148026, 197.8841403761413176, 238.9654679572654459, 258.1185511043642009, 273.3074304243640995, 288.7341537331854511, 295.7104019703488689, 277.3537344456747178, 224.6582543431933345, 134.3704079954784447, 46.2635113350036704, -19.0897088043928562, -38.5425755183358660, -17.2113634643597209, 27.9538878676781906, 69.9489410578575530, 85.8591293752268712, 73.7636276956254733, 30.0155385400497039, -17.3405939948196419, -50.9660136647584068, -49.4298469366136715, -10.9714971222467739, 48.9413373644554213, 114.1204891823858816, 153.3683862878772288, 179.1395934310396569, 185.1067913877543560, 194.1779458961249247, 200.5507100970954752, 207.3727431770075214, 213.8118184657731149, 226.1097094311972455, 240.9083680781955081, 264.2457386038940967, 270.7144473290459246, 263.3659678552043033, 238.3184075558255870, 206.2225871452739341, 178.8610981558724120, 163.9072645005994104, 155.6945108966808107, 159.2029076468458300, 166.6930587345978836, 176.4461357664397383, 179.5184243547373057, 160.0374071374933465, 107.6187368247608447, 42.6988225673026136, -21.7531139485402036, -45.1804200388219215, -26.5939722847690518, 26.1084643416152176, 79.7842023288228575, 117.5802922583014265, 135.3085786016038981, 139.9717021321947072, 143.7516755659901264, 152.7781720998038111, 168.1303424596784453, 206.2259432153788623, 274.6493110973812577, 377.8924182368286324, 508.8004248295733305, 670.0393317293778637, 827.4451141603904034, 992.3660365101159186, 1096.2103809331092634, 1126.8168712754732042, 1063.6718977905857173, 951.5683809034792375, 839.4514975760941979, 750.1466286616110892, 655.5564998209697478, 543.9390742525013138, 393.9729778226662802, 246.2475512728923093, 131.8071574858999782, 68.2921271640647234, 46.2035817953824903, 47.1890931497397332, 53.0546015680259515, 51.6725429246311876, 37.0763882804768059, 6.2895322549159971, -24.5433803932921819, -33.1045618075179959, -9.5157543398848361, 47.4125507512022182, 97.4682248723407838, 124.1451570883676823, 108.4196368979580711, 73.7489460499848519, 42.0038057762802737, 27.3812635626792513, 27.4704639977385341, 28.7526634861992818, 30.6761216936110443, 42.9149255636302911, 69.0796115972551661, 106.2313663656931908, 140.9444607291446232, 171.8412275639257132, 209.0356977496883530, 254.0774144031836670, 281.8138698832808586, 276.6542595521948442, 215.5717671755937772, 120.0378407409262991, 22.6191333420570686, -40.1128261425328105, -45.9907117532612588, -8.2769693342050630, 51.1853226266322281, 94.2888106254666809, 106.9775177031393696, 81.0738904408923986, 33.3601817445710651, -10.1736242614785724, -30.5892181623545980, -15.1662399330113331, 25.9160750576906764, 74.4139112036902475, 105.1530250454848101, 113.5610881316382574, 107.1436928350145195, 101.3143928167181684, 108.6778385492061716, 119.0431960203812594, 125.9395573433813240, 148.8831834059611765, 205.3663332402434207, 315.0864098483853013, 442.5195626160043503, 514.3005950068140919, 503.8909957628106895, 391.4754523909641648, 241.9232390404552575, 115.0918862959881324, 52.5582744165768503, 57.0542518850710252, 105.4155040658493618, 165.8674166449539484, 204.2305560437521308, 210.7352575446305991, 175.1282085047820374, 115.8671049938133137, 61.3965021378960074, 34.4727259075593579, 46.9218075732238589, 92.9217913805027820, 151.2378435588791774, 190.1188419140256087, 198.2846247543932350, 181.3112993716907226, 158.3925026527551267, 142.8381737685229211, 129.6941533033884184, 112.8456357417415177, 104.4726909953177483, 112.1082580824792672, 141.5432493763468358, 181.4224327847885547, 224.5743029577018319, 280.1868799677888546, 357.4396510517634624, 431.3832530452839364, 481.2737335651775084, 481.2613176799588928, 453.1614231435702891, 421.3497457278198226, 394.1866451086514189, 360.7652835853936040, 321.8025463057882689, -182.4652709082984359, 1.9271245298386077, 2.0442349685931163, 1.6581396334017029, 1.0026831948529207, 0.3464161942513329, -0.1141710191212582, -0.3174973035557969, -0.3190652257818556, -0.2063935217544710, -0.0608924294523270, 0.0937869525341171, 0.2473982979250380, 0.3960065104900803, 0.5163745538882480, 0.5703771811106932, 0.5418524839715451, 0.4410247657353139, 0.3103486292205717, 0.1921337510826868, 0.1111681801351356, 0.0660158030276019, 0.0416969219736076, 0.0245133872816374, 0.0097968453254267};
        -:  477://
        -:  478://
        -:  479://    moving_average_1s_window(input_signal, N, sample_rate, output_signal);
        -:  480://
        -:  481://    // Display the filtered output_signal
        -:  482://
        -:  483://    //free(input_signal);             // use it when using malloc for input
        -:  484://    free(output_signal);
        -:  485://
        -:  486://    return 0;
        -:  487://}
        -:  488:
        -:  489://int main() {
        -:  490://    // Example usage
        -:  491://    int N = 1051; // Length of the input signal
        -:  492://    //double *output_signal = (double *)malloc(N * sizeof(double));
        -:  493://    double *output = (double *)calloc(N, sizeof(double));
        -:  494://    // Initialize input_signal with appropriate values
        -:  495://    double input_signal[1051]={-0.0000000000738091, -0.1695380669206848, -0.5117220053857260, -1.0181034247609282, -1.6793235676677147, -2.4934307702610186, -3.4660068717693848, -4.6058657047755860, -5.9151207356491211, -7.3818045798617176, -8.9773793245895721, -10.6601269857120204, -12.3854470281006819, -14.1174354288464929, -15.8412579154570086, -17.5684710432138509, -19.3373267591647284, -21.2034772811276930, -23.2247196899708293, -25.4446713236158253, -27.8793605997063985, -30.5139532393265718, -33.3080215767121572, -36.2110966594245198, -39.1770876290406633, -42.1753939076212134, -23.6973233814803415, -7.4279637274332595, 5.3346955292183313, 14.8327716524826663, 22.3732230420131977, 29.1520213355538758, 35.6862638344344489, 41.1658521024119395, 43.9344594204360774, 42.2235002662627608, 34.9350083901612578, 22.4585859202559952, 6.6661887005180089, -9.1758329773710674, -21.4945726746090706, -27.1199318723002918, -24.4873903209461226, -14.2192297846249236, 1.0033823054685638, 17.0772308532017725, 29.9632338512015828, 36.7916603215278641, 37.0433169704249750, 32.1260338787662150, 24.7130813548644959, 17.3184700085468677, 11.3212995191787797, 6.4978700020806750, 1.6718858565635999, -3.9701694040050945, -10.1721772255576912, -15.1553412354466932, -16.3350120977422684, -11.8321806174899127, -1.3702992534190650, 12.9878098323214530, 27.5383194380952574, 38.1318707345908905, 42.0652657759148738, 38.9030946894850942, 30.6123830555560410, 20.7780001315292786, 12.7881711704992718, 8.6687136159271230, 8.4306312509390704, 10.4274122032781058, 12.4654462838314384, 13.0817766998909093, 12.2884317713903410, 11.2492611684917119, 11.7094470114906333, 14.6556566773918782, 19.7941369378302667, 25.6398566194489774, 30.2568263652995917, 32.1534975993025611, 30.8129713009746276, 26.8107662194073129, 20.8956145129193267, 13.6450430850335760, 5.0226650308064382, -5.2029577902247324, -16.8809179578472879, -28.7056149725892915, -38.3753538483537042, -43.3421946091663202, -41.6794936620078005, -33.4173934919886122, -20.6442477291634816, -6.9793109252800170, 3.6088515398123224, 8.2642069229169834, 6.1613161014679871, -1.3436814628043969, -11.6745024367026886, -21.8769965401954707, -29.8492135111250931, -34.7558570879409956, -36.8672555842294187, -36.8435405625984345, -35.1057233800438766, -31.5693399754437216, -25.6036540036692699, -17.0060970414813823, -6.3989860840603541, 4.4402805812880839, 13.0559394259194459, 17.0667086704240489, 15.3463962968128964, 8.4720824284224889, -1.7042912088891242, -12.5655746046479404, -22.0698101035608758, -29.2372920955851470, -34.1396586332908996, -37.1521607199124162, -38.2885672232863641, -36.8576585306106779, -31.5689165248282748, -21.7796845459196540, -8.0572503088827077, 7.2940771993126470, 20.9498730500465200, 29.5538201215015874, 31.4242636381880196, 27.0998394225222121, 19.0013582450681398, 10.5808070705231625, 4.5295442036056519, 1.8788413248803240, 1.7580652788342497, 2.3159335565612977, 1.7840760792243084, -0.2490355341447453, -2.5698423435872821, -3.2249390497379697, -0.4575741135884739, 6.0014182824991344, 14.6929422361393360, 22.9844932955107666, 28.4421551540500630, 29.9968855699251016, 28.2529961307598008, 25.1997403424206645, 22.6058092663277925, 21.1166304217433272, 19.7275364906136019, 16.6132091164488571, 10.2621049261224027, 0.9841407920772580, -8.8439334214053957, -15.7022745041356355, -16.2381677845259027, -9.1708472484576387, 4.1040050873504281, 19.8959916493342561, 33.9666218469284189, 42.9416575627527379, 45.5065366344983033, 42.5836641131289397, 36.1470422400711442, 28.3270462482177798, 20.3498544586760275, 12.4963309716011217, 4.3941965559990841, -4.1264922839839659, -12.4620388112628007, -19.4243930800739584, -23.2325053500019969, -22.5423338324414360, -16.9260248292841915, -7.3859904244015215, 3.8733777379518441, 13.6181378673388203, 18.7393551220475914, 17.3780902503512955, 9.3801188916307101, -3.1511136271181881, -16.6665005275045495, -27.3501149336933054, -32.6979918855836686, -32.3315405555340263, -28.0730969055457784, -23.1909999199705084, -20.4130819283520815, -20.9758702323810695, -23.9071873953283713, -26.7274277113626937, -26.5879897437644281, -21.7769343887548601, -12.5133083148153652, -0.7199557418934110, 10.3186538167099080, 17.3392928881746045, 17.7715429769008857, 10.4301710948150070, -4.3934870195599682, -24.6777449526967061, -47.0040685970138128, -67.0188228850113745, -79.9572378229959924, -82.0393028792545778, -71.4652707431454530, -49.3781441647233876, -19.8452297318057802, 10.9060953995814192, 36.1582202634321135, 50.9765992699910839, 53.3543140482501315, 45.0665556523720738, 30.6568249837867342, 15.7543660936617531, 4.8766643291153979, 0.1352626030665921, 0.7444558027875050, 3.8446162084438233, 6.6111635900330556, 7.3508386103306984, 6.5174553694390935, 6.0586408928579392, 8.1861318111121086, 13.7851596922630506, 21.9162468039848939, 30.1993678762267841, 35.7717740658192298, 36.9031703770304347, 33.3021957677448199, 26.0453569754081826, 16.5842264265262251, 6.1048809443367453, -4.7562691588775587, -15.6330095557343398, -25.2603339656399584, -31.7687307859401642, -32.6175254763843796, -25.9948822370776611, -11.9196659532944942, 6.9262317193137690, 25.8610305326909327, 39.6631606388567661, 44.4159425210153529, 39.4539734366282246, 27.3734774741019997, 13.2436337334432537, 2.4347700209844145, -1.3913246663739081, 2.1962038950414877, 10.3945728843433098, 18.8200439058842903, 23.3272117730609345, 22.1524915741084065, 16.4597071086296118, 9.7294227480054207, 5.7813664950398254, 6.9868931405382009, 13.2112578815858157, 21.6593509932290438, 28.7753308293620798, 31.4314843476739618, 28.3343323696044784, 19.9929653887475069, 8.1811883777963459, -5.2599195329275297, -19.0407867272954761, -32.1643472229985932, -43.7851726320928947, -52.4674646929776642, -56.3792119180096662, -53.8452901581621930, -44.5453806689530367, -30.0373176765423793, -13.6619919433181334, 0.1282382886835207, 7.7122428728361374, 7.2390703397143294, -0.4890507623923184, -12.4871073917364157, -24.5762732766212970, -33.0976946358087076, -36.1510426831793552, -33.8748867773033098, -28.5471550496307174, -22.9917824864947740, -19.5566867574836571, -18.9726376168536213, -20.3442429423408484, -21.6245041114591494, -20.7759147197856429, -17.0221947879546818, -10.9129030717193292, -4.2214905874185469, 1.1589761128991611, 4.0272292545557100, 4.4483321402213951, 3.3534345823434291, 1.8013055828651818, 0.5894551027676007, -0.4534157574370760, -1.6022252684250515, -2.9903077478676887, -3.9194557726494024, -3.2032914723157044, 0.2833101847352215, 6.7013978309643507, 14.6511388667815581, 21.9178609745162056, 26.0844570794473434, 25.9318175800502466, 21.8602425807308975, 15.7703443536869194, 9.8643057687881566, 5.4856623853288440, 2.6763385320308228, 0.0650147163863117, -3.7671321874325070, -9.2503942805632917, -15.1119992755352861, -18.7838209832049650, -17.4685860285360057, -9.6611617600843296, 3.6671361058131855, 19.5468284535957686, 33.6316211016805866, 42.2918560969256845, 43.8063278709911188, 39.0594108667056901, 30.8010739567314253, 22.3299559749568957, 16.2269773392866519, 13.1447057812546788, 12.2975731343250843, 12.0774006529348128, 11.3972683844816132, 10.2246612756259001, 9.7098236539462306, 11.3504897940141181, 15.7659156419209214, 22.4436512165854296, 29.4795990378070272, 34.5853155727285042, 36.0326165752869159, 33.4553537455036718, 27.6749867801917553, 20.0732717171088950, 11.9474260605751557, 3.5243134226410566, -5.4477437775652122, -15.3582983945537226, -25.6958543663559240, -34.8518225229098420, -40.2789617511555491, -39.5383782745204542, -31.7790703320505727, -18.1730304855844338, -2.2730034460374875, 11.1563042173127354, 17.8375104004793172, 15.6570228813856875, 5.4433587466506212, -9.3465976691356456, -23.7729664472921378, -33.8202913713037674, -37.4797811955268685, -35.6334697537732197, -31.0834406483342605, -27.0100551028476445, -25.1430589835523612, -24.9034194325604439, -24.1042357836551773, -19.9983515621669525, -11.4026956136349380, 0.6824075231307108, 13.0673644954967667, 21.9517629320855754, 24.2920193301827254, 18.9218723240993043, 6.9310574105914675, -9.4403703514024873, -27.3050737917712318, -43.9993103924352624, -57.0975674122329977, -64.3926447213017639, -63.9653170352078959, -54.6510971375396153, -37.1437041217203756, -14.1582287964360560, 9.4478169080057786, 28.2637881063025986, 37.8945127351109008, 36.9376511006243362, 27.3847621982593843, 13.7445489966989438, 1.4604024829170947, -5.6490152144102979, -6.3378916718375331, -2.2304942064521809, 3.5617761686265306, 7.9818754820438382, 9.6658825323814757, 9.2892281986384120, 8.6331933792885742, 9.6591921897559363, 12.9595573085124602, 17.6967159778466474, 22.0763096346892382, 24.5901437403928860, 24.8942488615598130, 23.7896038294362775, 22.7099545623012276, 22.1502978843067559, 21.3503064210547393, 18.3376956184385698, 11.3971379767889207, 0.3336125975458116, -12.5430354609774302, -23.0485667183070255, -27.0039147962329018, -21.9477825692343735, -8.8073573549500015, 8.5418208958147694, 24.8110431003280816, 35.7267997626465927, 39.6241404095471026, 37.6899725390710287, 33.0627214380283547, 28.5976674219644771, 25.7272856718276586, 23.7586388969586011, 20.8490699233885692, 15.2655976655940009, 6.6454915693152010, -3.3842689627886200, -12.1635619622536915, -16.6846593281227200, -15.2199529525202166, -7.8018554782864937, 3.5134715743817795, 15.4932016872295257, 24.5087603880374054, 27.7638790737805294, 24.3425300771753612, 15.1247412346355503, 2.8422885128763480, -9.1816308113467162, -18.0156861745949683, -22.3531267207376168, -22.7826391597820468, -21.1506362353099284, -19.9091909161923759, -20.3991694669357990, -22.6387483905947171, -25.2397190701502936, -26.5392149062522762, -25.4228951108404360, -21.9066316365540246, -17.2379478101177526, -12.7642060482813484, -9.6555412041551794, -8.1119040361544279, -7.8831955099608653, -8.6095280062111232, -10.5510325359547359, -14.5351580703519936, -21.3391221042915014, -31.1546978816288771, -42.5926055113682622, -53.0099725800995785, -58.9548037247406356, -57.6290337161512269, -47.8913189743081347, -30.9153611457729163, -10.2642242571900955, 9.6958980841885651, 24.7084723896185814, 32.3186765530191167, 32.2001011619281599, 26.1652285211616196, 17.0276453066570603, 7.4963699689739469, -0.4344074580726677, -6.0509219681250341, -9.0024896754198398, -9.1763656098802500, -6.1518066147383941, 0.2402910238428443, 9.4470853557577552, 19.8424311683840884, 28.7365437906313019, 33.6494278633864070, 33.1024363887629391, 27.6201137877122811, 19.2336728904240957, 10.5913718025702810, 3.5210177477355971, -1.8511936699678639, -6.4721839074046530, -11.7475183195016193, -17.6613357249879392, -22.7221189672041817, -24.0815989193867708, -19.2610181660526933, -7.6630307482227877, 8.7928260660272404, 25.8680228340714251, 38.9386211476286803, 44.6468994642665606, 42.5132542986407032, 34.7529638851121447, 25.3584781270920807, 18.3140639354617747, 15.8238183085912762, 18.0051017901769548, 22.8007023726379110, 27.5442465679863666, 30.0707901717980022, 29.7587207317421871, 27.4299437939029005, 24.6461204346348026, 22.9747398853114859, 22.8668462664797829, 24.0803979947188687, 25.5887916605231815, 26.6568489957689359, 26.7658299918162967, 25.6227087356609111, 22.7498887219943136, 16.9916645734192180, 7.2617103774831380, -7.0371433095302365, -24.6939229484016245, -42.6653485504360361, -56.6129379845598137, -62.5405288628728968, -58.5981847157435070, -45.8448522178170208, -28.3633500493300268, -11.2434557860141755, 0.9351131873042838, 6.0280346100837257, 4.4226617684240033, -1.6769549310653429, -9.5412890628564213, -17.3806019020393450, -24.3217215553345376, -30.4426946992167800, -35.5621075422615931, -39.0585937908815168, -39.5926983580728731, -35.8809464394264026, -27.6770505306401517, -15.9752886752635135, -3.4079979662982778, 6.9097750074119313, 12.1209805777650494, 10.8488303799308472, 3.6996711776921685, -6.9843157331578665, -17.7072155920682306, -25.3994853972326666, -28.0208993267161510, -25.6009009612459764, -19.6556557370224887, -12.6860898578984624, -6.8187213999736898, -3.0540232378233010, -1.1064121848345250, 0.4682951816022979, 2.8749118529300208, 6.6831348435512306, 11.1936766916088839, 15.0636069976846070, 17.0982588075109376, 16.9376832738588980, 15.4813786553230717, 13.9232213467802293, 13.3308891543843853, 13.4313465190941397, 12.9482043593019984, 10.1392490712969412, 4.0268554870950846, -4.5041425171944498, -13.0531922414833499, -18.1112453233186415, -17.1473446182010640, -9.4839706942953494, 2.9143484399187995, 16.4236319456141686, 27.1766155563382021, 32.5989689383052550, 32.5368633657341206, 28.4681671100149281, 22.9292826663821891, 17.7109743220092390, 13.4614812461725037, 9.6030139925437297, 5.1798973307495997, 0.0537614342366291, -4.9842187768933028, -7.9683807081381008, -7.1652230955836860, -1.6569329847456533, 7.7421404886985226, 18.9020797216713952, 29.2373800366874370, 36.4302180948561443, 39.5580406833033607, 38.5884711040180832, 34.4027459666298441, 27.7719170555394328, 19.2726815406385548, 9.1848636298926394, -2.1112652072899047, -13.5395738974241073, -23.5575520730196075, -30.0492543025593015, -31.3848537827355649, -26.7884774858000902, -17.0599076390716746, -4.4808849521286547, 7.8241775023976832, 16.3253436690332840, 18.7455153841296358, 14.2746558529968386, 4.3495171146648310, -8.0811080343020336, -19.3317519464145846, -26.3719688588358601, -28.0560214216911987, -25.1977940258350124, -20.5093262163579482, -16.8688563517090842, -16.3068518879514350, -18.7754635928807581, -22.4112799915939611, -24.4907886598064017, -22.6159585689242313, -16.0844350193508916, -5.8697218471818715, 5.4387745321702470, 14.8916204460479538, 19.7659762477266980, 18.2577644959585079, 9.7357046420365947, -5.4298747555373250, -25.3234602627719632, -46.9183321421324706, -65.7044337414946256, -76.8846302559021950, -76.3611191515326482, -62.4173006931966441, -36.9216469853447080, -5.0574201954894162, 25.5645768385187040, 47.6224267878215670, 56.2149911361883952, 50.7949140432338240, 35.0060696675074183, 15.2827848972725384, -1.4931588254500998, -10.7266089494537837, -10.9932222168068261, -4.4524866906694065, 5.0188153339361525, 13.5301256142126398, 18.8718797827540037, 20.9803886206017580, 21.1450344778045825, 21.0995214468470813, 21.4647289355344952, 22.0364904946005034, 21.7544353525546477, 20.0060491346600529, 16.9849923659083011, 13.5585841646525971, 10.7680515638234358, 8.6210131641682377, 6.3187488417171940, 2.3831659113107779, -3.9169194563448952, -11.7821395421282045, -18.7770334579674589, -21.5683455133619582, -17.7862864834019945, -7.0155215522442935, 8.2084472236011106, 23.6701153035082115, 34.6886478714592101, 38.4058801889325068, 34.7430258856757064, 26.2612899696339497, 17.1794255810310474, 11.1752168280386961, 10.2793046719553391, 13.8333693810227718, 19.3356957462342507, 23.4764125294415571, 23.9511438006976611, 20.4198421473384144, 14.3587091702008181, 8.5490175140247846, 5.3250675407447039, 5.8237305546391749, 9.3678445812061444, 14.1031713116884614, 17.9632481105114259, 19.3843653838002474, 17.8989334202405672, 13.4632623466575190, 6.3035177276082806, -3.7374330202716410, -16.6242716136294035, -31.7269812474283022, -47.1034023207389225, -59.4876114273788588, -65.4169129104697902, -62.2805849981011406, -50.1283010370811581, -31.7938970342333285, -12.4304636622869715, 2.2873452104139691, 8.4193590480587659, 5.0166504391734836, -5.2505025339347995, -17.5834678298766711, -26.6315765602170380, -28.9467001126153143, -23.9605626286818314, -14.1951076752718244, -4.1129194054018212, 2.0870504138272006, 1.7444395255610456, -4.8909029654771015, -15.2948907743425480, -25.4886188288128572, -31.7735549651184925, -31.7077623212734956, -24.7374716272858244, -12.2075123965569290, 3.4385286553591605, 18.8114300313293334, 30.5081058444032571, 35.3451055490392676, 31.2853314497640440, 18.1329998406292354, -2.0338202192941055, -24.5578717304638410, -43.6764545452232937, -53.6432989814200454, -51.1101988029354359, -36.1661595022962103, -12.7855496725985809, 12.5122736061459712, 32.8394891189031100, 43.1546833821186695, 42.2184625019015414, 32.3276706283176622, 18.5290743405947502, 6.1791627933268325, -0.8745785929266320, -1.5839994070094854, 2.3173189674079122, 7.8232719385165472, 12.0499677678127828, 13.9466142554232153, 14.2379349004160183, 14.9701559435477431, 17.8842944860500133, 23.3560802650618946, 30.2883844930173538, 36.3373082248486838, 39.6562739024693869, 39.3232725916496051, 35.9219000886333504, 30.6301806946335695, 24.4811314224688488, 17.7481741962076995, 9.9434907501043845, 0.9369818463855575, -8.5397442787315541, -16.3173699069583868, -19.6833421384470775, -16.4139048404148298, -6.2808887971023726, 8.3751721022293548, 23.5156841784106554, 34.3235780134221571, 37.7215294432583121, 33.0908806838084075, 22.7707728552136714, 10.7495175984029530, 1.0602437438200039, -3.8153635532393930, -4.0390505281998310, -1.6259895377082505, 0.2864862746122597, -0.4290052739989920, -4.2727559881957404, -9.7435833283218471, -14.3588154666697481, -16.1285048269625264, -14.2766785185341671, -9.9169154620118611, -4.9991891699150131, -1.6251597637916868, -0.9764914177081164, -3.3954670588077254, -8.7539299831749613, -16.8101434704603250, -27.7014931082361038, -40.9301148649135342, -55.1801506624510338, -67.4624894873125811, -74.0336496816423022, -71.4779513751057607, -58.4015368338454408, -36.7732377676426907, -11.3856959640168824, 11.1298476618132476, 24.8831066248052544, 26.6263192092606999, 17.0655695448705451, 0.3472836851901200, -17.5271075837361145, -30.6363762316469987, -35.4776207060737363, -31.4296158272096982, -20.9425307939631971, -7.9670271560991202, 3.6023267478284442, 11.3625537805485504, 15.0638637998881730, 15.8984115802697570, 15.8596591462444749, 16.1629912605093757, 17.1821416696232134, 18.2088182895948663, 18.4901941758633690, 17.7078496135242318, 16.0345894925714276, 14.0572198792686578, 11.6691188880173335, 8.2622270768726835, 2.7135605812800994, -5.4920194882163322, -15.4653370905491752, -24.7796416601044349, -29.9333607901804726, -28.1732059484523703, -18.5333036722904438, -3.0299992858874338, 14.2514545394724852, 28.2607978296783422, 35.2919970804762713, 34.2584568672699206, 26.8894846165671737, 17.1833184789924296, 9.2602341088405655, 6.1013618925297735, 8.1822113319591985, 13.7936328360136784, 19.8369868929078308, 23.4569900314271820, 23.4093642581006307, 20.2172020637534544, 16.1781292550708287, 13.8037132590634375, 14.9280865293806695, 19.7249543840324542, 26.7981647739688462, 33.9265827874387185, 38.6926694121144408, 39.6077108138584109, 35.9145849484375930, 27.8923118233897682, 16.2553211681339818, 2.2832369215335127, -12.4365166486809233, -25.9039574715405685, -35.7741090873201983, -40.1050115239980585, -37.5737158808114202, -28.4520471233401970, -14.5355071983306985, 0.9502809385171553, 14.1253793542714767, 21.7464571881796154, 21.8755990891875314, 14.8459733840998549, 2.7976384932381047, -10.7009674263526069, -22.1384685892327475, -29.0247932497045760, -30.8242285729960237, -29.0274016096262493, -25.9500807861250173, -23.9483993815148004, -23.8421705918607429, -24.8468827221688109, -24.7988795478814410, -21.5399344250131932, -13.9679085946912807, -2.7759551504767419, 9.4692612167440728, 19.4833002131782216, 23.9533803013005482, 20.8195778415758177, 9.4862969413013705, -8.8695113245802872, -31.5427810189253712, -54.8109801980900286, -74.0012181280255277, -84.8139397155538575, -83.7964359294113876, -69.8662544554825047, -44.8047294460764292, -13.5085513070818664, 17.1653178580852988, 40.3302580730014100, 51.0554534916745340, 48.3781390113571561, 35.1873333226321634, 17.4495229826260285, 1.6550927720016608, -7.3966391820840514, -8.2060995032307904, -2.8575798739430724, 4.7554054637543093, 10.6526227738710766, 12.9969630368744422, 12.3767322564725024, 11.3021764143461425, 12.3039400819757674, 16.3235377492593408, 22.4296962723069164, 27.9154391110721321, 30.3973583776714555, 28.6527550603700973, 23.4415348464957880, 16.6042186486811865, 9.9693246490583967, 4.3366190194901622, -0.8690858992492588, -6.4560324667895124, -12.6618479578773595, -18.1856997697469360, -20.6636555255225254, -17.6377756904004954, -8.2341031268926699, 5.8987468196597552, 21.1608333077795656, 32.8380684573308059, 37.6414699052626247, 34.7226877414603763, 26.3032575323777316, 16.4682964732271522, 9.4507554846411992, 7.8593196074302449, 11.4022224593709165, 17.5953712604396024, 22.6632806092724479, 23.8321471677023986, 20.3409969133628081, 13.9593911806401465, 7.9398478391914091, 5.2448424880112565, 7.3172171637384098, 13.1000896807431157, 19.9114323554372277, 24.5838948503437678, 25.0717704309681721, 20.9499994832726770, 13.2323637226802617, 3.5217689113308208, -7.2757206725941677, -18.7709887784165552, -31.1186303824019639, -43.6570488184862668, -54.6480213750392991, -61.1887404818627019, -60.4146740553123109, -51.2452490688587190, -35.1269718748064506, -16.4391571123110367, -0.8062934551755280, 6.9615355810685395, 5.0791640981409545, -4.4898634195344318, -16.7855633116837204, -25.8109675544663624, -27.5221916283501500, -21.1823045118038848, -9.9396813894796701, 0.8058537190763453, 6.1115743594802359, 3.5721312389006634, -5.5896703493924571, -17.2662684097259032, -26.2781473783663451, -28.9826484710056995, -24.4198831218896011, -14.3195813429626408, -1.9106523545620580, 9.7200873415851046, 18.4303833668458665, 23.3365593678067071, 23.8802581243957448, 19.6326486173162849, 10.2133587117930578, -3.9276278057061282, -20.4778906410140031, -35.4303238548647883, -43.8457365140210342, -42.0844405351643829, -29.4173733671949478, -9.1273766090351902, 12.5725847363671122, 28.8450745545075691, 34.8259081269049560, 29.5398298128190575, 15.8157828090921306, 14.6447782371765847, 13.4386269495340152, 12.1922269104002829, 10.9380413604221740, 9.7306313669615125, 8.6248321337306368, 7.6564302504676842, 6.8335731722049022, 6.1408235937091522, 5.5485039781282612, 5.0232331793992362, 4.5307860859755014, 4.0373646881687595, 3.5102754385186707, 2.9241002515762156, 2.2733216352745620, 1.5820725609329491, 0.9070114806137388, 0.3238291399494590, -0.0962153633857307, -0.3147054153298031, -0.3432268428682109, -0.2418380491225835, -0.0989790146886153, -0.0000000000963555};
        -:  496://
        -:  497://
        -:  498://
        -:  499://    // Display the filtered output_signal
        -:  500://
        -:  501://    //free(input_signal);             // use it when using malloc for input
        -:  502://    free(output);
        -:  503://
        -:  504://    return 0;
        -:  505://}
        -:  506:
        -:  507://int main() {
        -:  508://    // Example usage
        -:  509://    int window_size = 100;
        -:  510://    double window[101] = {-7.2937235855469362, 11.1598963222943297, 25.2348652658526333, 32.2395632841779687, 32.0015939434263856, 26.1537061573319676, 17.0513640381600418, 6.6017001758682223, -4.3739164758272038, -15.2624143514795652, -25.0887920676186980, -31.8917394541705939, -33.3081271141054458, -27.5911156037573271, -15.0818540521595228, 1.4227311910688647, 17.8144077572156121, 29.8952872565259966, 35.5458301880162395, 35.0669798843030023, 30.7021196249837622, 24.8136217392372593, 18.6527343701899326, 11.8309681485174565, 2.9403418416824549, -8.5241691084865661, -21.3477832784052097, -32.0423793390943104, -36.3506082139133184, -30.9297517661624575, -15.3776843676511241, 7.1729298498743743, 31.0661391589167728, 49.5927516905400267, 57.7524588118631286, 52.5908855650819049, 38.6603546674864020, 20.0656906026343691, 1.0400455681661851, -16.5701897643927047, -32.9890983736625714, -47.9402847911225720, -59.1319158342344124, -62.5043808771455787, -56.1209390929550125, -44.0106856139147027, -37.1535361708076266, -48.1571574246836747, -81.6558369950727752, -127.2835242179321682, -160.5387557047195912, -156.0267030343852355, -106.1504499991364270, -34.0562672548587599, 11.4594844450843549, -19.0837014649596988, -141.5791168724607871, -314.4864145625700189, -444.8533516597832431, -426.4382939278038407, -195.8327124095649481, 223.8408395761506995, 717.1976159819161012, 1117.8015652836777463, 1279.2952457653905185, 1141.2825624334655004, 757.5553337874861199, 270.6409706991971120, -153.1107278137895094, -395.4701598491110985, -429.3748224144857204, -315.5360115940314927, -159.2996542233537411, -53.6773098001397742, -39.6972528522219292, -99.4075056669601622, -179.8413074754005265, -229.0237300708914461, -223.2592899651007770, -173.0418491336487818, -109.4399948080734220, -63.2008000202074740, -48.6851334513019722, -60.9280328598925252, -83.1547854202520540, -98.5079099165544818, -98.0619673312232294, -82.5508389752893379, -58.9334102614612974, -34.9966898082336186, -16.4112748249972000, -5.4147466146802516, -1.5838896570041752, -2.7223852491041525, -5.0937288686400812, -7.1672451940581965, -4.7729031008322851, 2.3480776150114124, 11.8584482047819630, 19.8285717681764027, 22.9395172112171295};
        -:  511://    int x1 = 35; // Replace with the actual x1 value
        -:  512://    int x2 = 95; // Replace with the actual x2 value
        -:  513://    double *ar_remove = (double *)calloc(101, sizeof(double));
        -:  514://    artifact_remove(window, x1, x2,ar_remove);
        -:  515://     for(int i =0; i<101 ;i++){
        -:  516://         printf("value =%f\r\n",ar_remove[i]);    //debugger print
        -:  517://     }
        -:  518://    // Display the modified window
        -:  519://
        -:  520://    return 0;
        -:  521://}
        -:  522:
